2021-06-22 10:57:53,938     INFO apitep_utils.etl Init ETL
2021-06-22 10:57:53,938    DEBUG apitep_utils.etl ETL.__init__(input_path_segment=None, output_path_segment=None, input_separator=|, output_separator=|, save_report_on_load=False, save_report_on_save=None, report_type=ReportType.Both, report_path_segment=None, input_type_excel=None)
2021-06-22 10:57:53,939     INFO apitep_utils.data_processor Init data processor
2021-06-22 10:57:53,939    DEBUG apitep_utils.data_processor DataProcessor.__init__(input_path_segment=None, output_path_segment=None, input_separator=|, output_separator=|, save_report_on_load=False, save_report_on_save=None, report_type=ReportType.Both, report_path_segment=None, input_type_excel=None)
2021-06-22 10:57:53,939     INFO apitep_utils.etl Execute ETL
2021-06-22 10:57:53,939    DEBUG apitep_utils.etl ETL.execute()
2021-06-22 10:57:53,939     INFO apitep_utils.data_processor Get data processor arguments
2021-06-22 10:57:53,939    DEBUG apitep_utils.data_processor DataProcessor.parse_arguments()
2021-06-22 10:57:53,939     INFO root Check if path exists
2021-06-22 10:57:53,939    DEBUG root ArgumentParserHelper.parse_data_file_path(data_file_path=/home/fran/Escritorio/i3uex/education_drop/Data/Interim/Polytechnic/polytechnic_plan_subject_call.csv)
2021-06-22 10:57:53,939     INFO root Check if path exists
2021-06-22 10:57:53,939    DEBUG root ArgumentParserHelper.parse_data_file_path(data_file_path=/home/fran/Escritorio/i3uex/education_drop/Data/Processed/Polytechnic/Plan_Subject_Call/pr_polytechnic_plan_subject_call.csv)
2021-06-22 10:57:53,939     INFO apitep_utils.data_processor Load input dataset
2021-06-22 10:57:53,939    DEBUG apitep_utils.data_processor DataProcessor.load()
2021-06-22 10:57:54,129     INFO __main__ Process plan_subject_call data
2021-06-22 10:57:54,129    DEBUG __main__ PlanSubCallETL.process()
2021-06-22 10:57:54,147     INFO __main__ Index(['columns of final dataset are:expediente',
       'columns of final dataset are:cod_plan',
       'columns of final dataset are:des_plan',
       'columns of final dataset are:cod_asignatura',
       'columns of final dataset are:des_asignatura',
       'columns of final dataset are:curso_asignatura',
       'columns of final dataset are:semestre',
       'columns of final dataset are:tipo_linea',
       'columns of final dataset are:tipologia_asignatura',
       'columns of final dataset are:des_tipogia_asignatura',
       'columns of final dataset are:curso_academico',
       'columns of final dataset are:convocatoria',
       'columns of final dataset are:nota_alf',
       'columns of final dataset are:nota_num',
       'columns of final dataset are:des_nota',
       'columns of final dataset are:numero_convocatorias_agotadas',
       'columns of final dataset are:fin_estudios'],
      dtype='object')
2021-06-22 10:57:54,147    DEBUG apitep_utils.data_processor - time: 0.0182 s
2021-06-22 10:57:54,148     INFO apitep_utils.data_processor Save output dataset
2021-06-22 10:57:54,148    DEBUG apitep_utils.data_processor DataProcessor.save()
2021-06-22 10:57:54,780     INFO apitep_utils.data_processor Save dataset report
2021-06-22 10:57:54,780    DEBUG apitep_utils.data_processor DataProcessor.save_report(dataframe=193513 rows, source_path_segment=/home/fran/Escritorio/i3uex/education_drop/Data/Processed/Polytechnic/Plan_Subject_Call/pr_polytechnic_plan_subject_call.csv)
2021-06-22 10:57:54,780     INFO apitep_utils.data_processor Save dataset standard report
2021-06-22 10:57:54,780    DEBUG apitep_utils.data_processor DataProcessor.save_standard_report(df=193513 rows,source_path_segment=/home/fran/Escritorio/i3uex/education_drop/Data/Processed/Polytechnic/Plan_Subject_Call/pr_polytechnic_plan_subject_call.csv)
2021-06-22 10:57:55,257    DEBUG apitep_utils.data_processor - output_path: /home/fran/Escritorio/i3uex/education_drop/Data/Processed/Polytechnic/Plan_Subject_Call/pr_polytechnic_plan_subject_call.html
2021-06-22 10:58:11,393     INFO apitep_utils.data_processor Save dataset standard report
2021-06-22 10:58:11,394    DEBUG apitep_utils.data_processor DataProcessor.save_advanced_report(df=193513 rows,source_path_segment=/home/fran/Escritorio/i3uex/education_drop/Data/Processed/Polytechnic/Plan_Subject_Call/pr_polytechnic_plan_subject_call.csv)
2021-06-22 10:58:32,253     INFO apitep_utils.data_processor Log dataset changes
2021-06-22 10:58:32,253    DEBUG apitep_utils.data_processor DataProcessor.log_changes()
2021-06-22 10:58:32,253     INFO apitep_utils.data_processor - delete data of old degrees: 1056
2021-06-22 10:58:57,717     INFO apitep_utils.etl Init ETL
2021-06-22 10:58:57,717    DEBUG apitep_utils.etl ETL.__init__(input_path_segment=None, output_path_segment=None, input_separator=|, output_separator=|, save_report_on_load=None, save_report_on_save=None, report_type=ReportType.Both, report_path_segment=None, input_type_excel=None)
2021-06-22 10:58:57,717     INFO apitep_utils.data_processor Init data processor
2021-06-22 10:58:57,717    DEBUG apitep_utils.data_processor DataProcessor.__init__(input_path_segment=None, output_path_segment=None, input_separator=|, output_separator=|, save_report_on_load=None, save_report_on_save=None, report_type=ReportType.Both, report_path_segment=None, input_type_excel=None)
2021-06-22 10:58:57,717     INFO apitep_utils.etl Execute ETL
2021-06-22 10:58:57,717    DEBUG apitep_utils.etl ETL.execute()
2021-06-22 10:58:57,717     INFO apitep_utils.data_processor Get data processor arguments
2021-06-22 10:58:57,717    DEBUG apitep_utils.data_processor DataProcessor.parse_arguments()
2021-06-22 10:58:57,717     INFO root Check if path exists
2021-06-22 10:58:57,717    DEBUG root ArgumentParserHelper.parse_data_file_path(data_file_path=/home/fran/Escritorio/i3uex/education_drop/Data/Interim/Polytechnic/polytechnic_plan_subject_call.csv)
2021-06-22 10:58:57,718     INFO root Check if path exists
2021-06-22 10:58:57,718    DEBUG root ArgumentParserHelper.parse_data_file_path(data_file_path=/home/fran/Escritorio/i3uex/education_drop/Data/Processed/Polytechnic/Plan_Subject_Call/pr_polytechnic_plan_subject_call.csv)
2021-06-22 10:58:57,718     INFO apitep_utils.data_processor Load input dataset
2021-06-22 10:58:57,718    DEBUG apitep_utils.data_processor DataProcessor.load()
2021-06-22 10:58:57,918     INFO apitep_utils.data_processor Save dataset report
2021-06-22 10:58:57,918    DEBUG apitep_utils.data_processor DataProcessor.save_report(dataframe=194569 rows, source_path_segment=/home/fran/Escritorio/i3uex/education_drop/Data/Interim/Polytechnic/polytechnic_plan_subject_call.csv)
2021-06-22 10:58:57,918     INFO apitep_utils.data_processor Save dataset standard report
2021-06-22 10:58:57,919    DEBUG apitep_utils.data_processor DataProcessor.save_standard_report(df=194569 rows,source_path_segment=/home/fran/Escritorio/i3uex/education_drop/Data/Interim/Polytechnic/polytechnic_plan_subject_call.csv)
2021-06-22 10:58:58,422    DEBUG apitep_utils.data_processor - output_path: /home/fran/Escritorio/i3uex/education_drop/Data/Interim/Polytechnic/polytechnic_plan_subject_call.html
2021-06-22 10:59:13,125     INFO apitep_utils.data_processor Save dataset standard report
2021-06-22 10:59:13,125    DEBUG apitep_utils.data_processor DataProcessor.save_advanced_report(df=194569 rows,source_path_segment=/home/fran/Escritorio/i3uex/education_drop/Data/Interim/Polytechnic/polytechnic_plan_subject_call.csv)
2021-06-22 10:59:34,078     INFO __main__ Process plan_subject_call data
2021-06-22 10:59:34,078    DEBUG __main__ PlanSubCallETL.process()
2021-06-22 10:59:34,102     INFO __main__ Index(['columns of final dataset are:expediente',
       'columns of final dataset are:cod_plan',
       'columns of final dataset are:des_plan',
       'columns of final dataset are:cod_asignatura',
       'columns of final dataset are:des_asignatura',
       'columns of final dataset are:curso_asignatura',
       'columns of final dataset are:semestre',
       'columns of final dataset are:tipo_linea',
       'columns of final dataset are:tipologia_asignatura',
       'columns of final dataset are:des_tipogia_asignatura',
       'columns of final dataset are:curso_academico',
       'columns of final dataset are:convocatoria',
       'columns of final dataset are:nota_alf',
       'columns of final dataset are:nota_num',
       'columns of final dataset are:des_nota',
       'columns of final dataset are:numero_convocatorias_agotadas',
       'columns of final dataset are:fin_estudios'],
      dtype='object')
2021-06-22 10:59:34,103    DEBUG apitep_utils.data_processor - time: 0.0245 s
2021-06-22 10:59:34,103     INFO apitep_utils.data_processor Save output dataset
2021-06-22 10:59:34,103    DEBUG apitep_utils.data_processor DataProcessor.save()
2021-06-22 10:59:34,776     INFO apitep_utils.data_processor Save dataset report
2021-06-22 10:59:34,777    DEBUG apitep_utils.data_processor DataProcessor.save_report(dataframe=193513 rows, source_path_segment=/home/fran/Escritorio/i3uex/education_drop/Data/Processed/Polytechnic/Plan_Subject_Call/pr_polytechnic_plan_subject_call.csv)
2021-06-22 10:59:34,777     INFO apitep_utils.data_processor Save dataset standard report
2021-06-22 10:59:34,777    DEBUG apitep_utils.data_processor DataProcessor.save_standard_report(df=193513 rows,source_path_segment=/home/fran/Escritorio/i3uex/education_drop/Data/Processed/Polytechnic/Plan_Subject_Call/pr_polytechnic_plan_subject_call.csv)
2021-06-22 10:59:34,777    DEBUG apitep_utils.data_processor - output_path: /home/fran/Escritorio/i3uex/education_drop/Data/Processed/Polytechnic/Plan_Subject_Call/pr_polytechnic_plan_subject_call.html
2021-06-22 10:59:49,699     INFO apitep_utils.data_processor Save dataset standard report
2021-06-22 10:59:49,699    DEBUG apitep_utils.data_processor DataProcessor.save_advanced_report(df=193513 rows,source_path_segment=/home/fran/Escritorio/i3uex/education_drop/Data/Processed/Polytechnic/Plan_Subject_Call/pr_polytechnic_plan_subject_call.csv)
2021-06-22 11:00:10,724     INFO apitep_utils.data_processor Log dataset changes
2021-06-22 11:00:10,724    DEBUG apitep_utils.data_processor DataProcessor.log_changes()
2021-06-22 11:00:10,724     INFO apitep_utils.data_processor - delete data of old degrees: 1056
2021-06-22 11:01:12,946     INFO apitep_utils.etl Init ETL
2021-06-22 11:01:12,946    DEBUG apitep_utils.etl ETL.__init__(input_path_segment=None, output_path_segment=None, input_separator=|, output_separator=|, save_report_on_load=None, save_report_on_save=None, report_type=ReportType.Both, report_path_segment=None, input_type_excel=None)
2021-06-22 11:01:12,946     INFO apitep_utils.data_processor Init data processor
2021-06-22 11:01:12,946    DEBUG apitep_utils.data_processor DataProcessor.__init__(input_path_segment=None, output_path_segment=None, input_separator=|, output_separator=|, save_report_on_load=None, save_report_on_save=None, report_type=ReportType.Both, report_path_segment=None, input_type_excel=None)
2021-06-22 11:01:12,946     INFO apitep_utils.etl Execute ETL
2021-06-22 11:01:12,946    DEBUG apitep_utils.etl ETL.execute()
2021-06-22 11:01:12,946     INFO apitep_utils.data_processor Get data processor arguments
2021-06-22 11:01:12,946    DEBUG apitep_utils.data_processor DataProcessor.parse_arguments()
2021-06-22 11:01:12,946     INFO root Check if path exists
2021-06-22 11:01:12,946    DEBUG root ArgumentParserHelper.parse_data_file_path(data_file_path=/home/fran/Escritorio/i3uex/education_drop/Data/Interim/Polytechnic/polytechnic_plan_subject_call.csv)
2021-06-22 11:01:12,946     INFO root Check if path exists
2021-06-22 11:01:12,946    DEBUG root ArgumentParserHelper.parse_data_file_path(data_file_path=/home/fran/Escritorio/i3uex/education_drop/Data/Processed/Polytechnic/Plan_Subject_Call/pr_polytechnic_plan_subject_call.csv)
2021-06-22 11:01:12,946     INFO apitep_utils.data_processor Load input dataset
2021-06-22 11:01:12,946    DEBUG apitep_utils.data_processor DataProcessor.load()
2021-06-22 11:01:13,147     INFO apitep_utils.data_processor Save dataset report
2021-06-22 11:01:13,147    DEBUG apitep_utils.data_processor DataProcessor.save_report(dataframe=194569 rows, source_path_segment=/home/fran/Escritorio/i3uex/education_drop/Data/Interim/Polytechnic/polytechnic_plan_subject_call.csv)
2021-06-22 11:01:13,147     INFO apitep_utils.data_processor Save dataset standard report
2021-06-22 11:01:13,147    DEBUG apitep_utils.data_processor DataProcessor.save_standard_report(df=194569 rows,source_path_segment=/home/fran/Escritorio/i3uex/education_drop/Data/Interim/Polytechnic/polytechnic_plan_subject_call.csv)
2021-06-22 11:01:13,655    DEBUG apitep_utils.data_processor - output_path: /home/fran/Escritorio/i3uex/education_drop/Data/Interim/Polytechnic/polytechnic_plan_subject_call.html
2021-06-22 11:29:15,575     INFO apitep_utils.etl Init ETL
2021-06-22 11:29:15,575    DEBUG apitep_utils.etl ETL.__init__(input_path_segment=None, output_path_segment=None, input_separator=|, output_separator=|, save_report_on_load=None, save_report_on_save=None, report_type=ReportType.Both, report_path_segment=None, input_type_excel=None)
2021-06-22 11:29:15,575     INFO apitep_utils.data_processor Init data processor
2021-06-22 11:29:15,575    DEBUG apitep_utils.data_processor DataProcessor.__init__(input_path_segment=None, output_path_segment=None, input_separator=|, output_separator=|, save_report_on_load=None, save_report_on_save=None, report_type=ReportType.Both, report_path_segment=None, input_type_excel=None)
2021-06-22 11:29:15,575     INFO apitep_utils.etl Execute ETL
2021-06-22 11:29:15,575    DEBUG apitep_utils.etl ETL.execute()
2021-06-22 11:29:15,575     INFO apitep_utils.data_processor Get data processor arguments
2021-06-22 11:29:15,575    DEBUG apitep_utils.data_processor DataProcessor.parse_arguments()
2021-06-22 11:29:15,576     INFO root Check if path exists
2021-06-22 11:29:15,576    DEBUG root ArgumentParserHelper.parse_data_file_path(data_file_path=/home/fran/Escritorio/i3uex/education_drop/Data/Interim/Polytechnic/polytechnic_plan_subject_call.csv)
2021-06-22 11:29:15,576     INFO root Check if path exists
2021-06-22 11:29:15,576    DEBUG root ArgumentParserHelper.parse_data_file_path(data_file_path=/home/fran/Escritorio/i3uex/education_drop/Data/Processed/Polytechnic/Plan_Subject_Call/pr_polytechnic_plan_subject_call.csv)
2021-06-22 11:29:15,576     INFO apitep_utils.data_processor Load input dataset
2021-06-22 11:29:15,576    DEBUG apitep_utils.data_processor DataProcessor.load()
2021-06-22 11:29:15,781     INFO apitep_utils.data_processor Save dataset report
2021-06-22 11:29:15,781    DEBUG apitep_utils.data_processor DataProcessor.save_report(dataframe=194569 rows, source_path_segment=/home/fran/Escritorio/i3uex/education_drop/Data/Interim/Polytechnic/polytechnic_plan_subject_call.csv)
2021-06-22 11:29:15,781     INFO apitep_utils.data_processor Save dataset standard report
2021-06-22 11:29:15,781    DEBUG apitep_utils.data_processor DataProcessor.save_standard_report(df=194569 rows,source_path_segment=/home/fran/Escritorio/i3uex/education_drop/Data/Interim/Polytechnic/polytechnic_plan_subject_call.csv)
2021-06-22 11:29:16,272    DEBUG apitep_utils.data_processor - output_path: /home/fran/Escritorio/i3uex/education_drop/Data/Interim/Polytechnic/polytechnic_plan_subject_call.html
2021-06-22 11:29:30,840     INFO apitep_utils.data_processor Save dataset standard report
2021-06-22 11:29:30,840    DEBUG apitep_utils.data_processor DataProcessor.save_advanced_report(df=194569 rows,source_path_segment=/home/fran/Escritorio/i3uex/education_drop/Data/Interim/Polytechnic/polytechnic_plan_subject_call.csv)
2021-06-22 11:29:51,664     INFO __main__ Process plan_subject_call data
2021-06-22 11:29:51,664    DEBUG __main__ PlanSubCallETL.process()
2021-06-22 11:29:51,685     INFO __main__ Index(['columns of final dataset are:expediente',
       'columns of final dataset are:cod_plan',
       'columns of final dataset are:des_plan',
       'columns of final dataset are:cod_asignatura',
       'columns of final dataset are:des_asignatura',
       'columns of final dataset are:curso_asignatura',
       'columns of final dataset are:semestre',
       'columns of final dataset are:tipo_linea',
       'columns of final dataset are:tipologia_asignatura',
       'columns of final dataset are:des_tipogia_asignatura',
       'columns of final dataset are:curso_academico',
       'columns of final dataset are:convocatoria',
       'columns of final dataset are:nota_alf',
       'columns of final dataset are:nota_num',
       'columns of final dataset are:des_nota',
       'columns of final dataset are:numero_convocatorias_agotadas',
       'columns of final dataset are:fin_estudios'],
      dtype='object')
2021-06-22 11:29:51,686    DEBUG apitep_utils.data_processor - time: 0.0214 s
2021-06-22 11:29:51,686     INFO apitep_utils.data_processor Save output dataset
2021-06-22 11:29:51,686    DEBUG apitep_utils.data_processor DataProcessor.save()
2021-06-22 11:29:52,346     INFO apitep_utils.data_processor Save dataset report
2021-06-22 11:29:52,346    DEBUG apitep_utils.data_processor DataProcessor.save_report(dataframe=193513 rows, source_path_segment=/home/fran/Escritorio/i3uex/education_drop/Data/Processed/Polytechnic/Plan_Subject_Call/pr_polytechnic_plan_subject_call.csv)
2021-06-22 11:29:52,346     INFO apitep_utils.data_processor Save dataset standard report
2021-06-22 11:29:52,346    DEBUG apitep_utils.data_processor DataProcessor.save_standard_report(df=193513 rows,source_path_segment=/home/fran/Escritorio/i3uex/education_drop/Data/Processed/Polytechnic/Plan_Subject_Call/pr_polytechnic_plan_subject_call.csv)
2021-06-22 11:29:52,346    DEBUG apitep_utils.data_processor - output_path: /home/fran/Escritorio/i3uex/education_drop/Data/Processed/Polytechnic/Plan_Subject_Call/pr_polytechnic_plan_subject_call.html
2021-06-22 11:30:07,163     INFO apitep_utils.data_processor Save dataset standard report
2021-06-22 11:30:07,163    DEBUG apitep_utils.data_processor DataProcessor.save_advanced_report(df=193513 rows,source_path_segment=/home/fran/Escritorio/i3uex/education_drop/Data/Processed/Polytechnic/Plan_Subject_Call/pr_polytechnic_plan_subject_call.csv)
2021-06-22 11:30:27,826     INFO apitep_utils.data_processor Log dataset changes
2021-06-22 11:30:27,827    DEBUG apitep_utils.data_processor DataProcessor.log_changes()
2021-06-22 11:30:27,827     INFO apitep_utils.data_processor - delete data of old degrees: 1056
2021-06-24 13:03:08,430     INFO apitep_utils.etl Init ETL
2021-06-24 13:03:08,430    DEBUG apitep_utils.etl ETL.__init__(input_path_segment=None, output_path_segment=None, input_separator=|, output_separator=|, save_report_on_load=None, save_report_on_save=None, report_type=ReportType.Both, report_path_segment=None, input_type_excel=None)
2021-06-24 13:03:08,430     INFO apitep_utils.data_processor Init data processor
2021-06-24 13:03:08,430    DEBUG apitep_utils.data_processor DataProcessor.__init__(input_path_segment=None, output_path_segment=None, input_separator=|, output_separator=|, save_report_on_load=None, save_report_on_save=None, report_type=ReportType.Both, report_path_segment=None, input_type_excel=None)
2021-06-24 13:03:08,430     INFO apitep_utils.etl Execute ETL
2021-06-24 13:03:08,430    DEBUG apitep_utils.etl ETL.execute()
2021-06-24 13:03:08,430     INFO apitep_utils.data_processor Get data processor arguments
2021-06-24 13:03:08,430    DEBUG apitep_utils.data_processor DataProcessor.parse_arguments()
2021-06-24 13:03:08,431     INFO root Check if path exists
2021-06-24 13:03:08,431    DEBUG root ArgumentParserHelper.parse_data_file_path(data_file_path=/home/fran/Escritorio/i3uex/education_drop/Data/Interim/Polytechnic/polytechnic_plan_subject_call.csv)
2021-06-24 13:03:08,431     INFO root Check if path exists
2021-06-24 13:03:08,431    DEBUG root ArgumentParserHelper.parse_data_file_path(data_file_path=/home/fran/Escritorio/i3uex/education_drop/Data/Processed/Polytechnic/Plan_Subject_Call/pr_polytechnic_plan_subject_call.csv)
2021-06-24 13:03:08,431     INFO apitep_utils.data_processor Load input dataset
2021-06-24 13:03:08,431    DEBUG apitep_utils.data_processor DataProcessor.load()
2021-06-24 13:03:08,660     INFO apitep_utils.data_processor Save dataset report
2021-06-24 13:03:08,660    DEBUG apitep_utils.data_processor DataProcessor.save_report(dataframe=194569 rows, source_path_segment=/home/fran/Escritorio/i3uex/education_drop/Data/Interim/Polytechnic/polytechnic_plan_subject_call.csv)
2021-06-24 13:03:08,660     INFO apitep_utils.data_processor Save dataset standard report
2021-06-24 13:03:08,660    DEBUG apitep_utils.data_processor DataProcessor.save_standard_report(df=194569 rows,source_path_segment=/home/fran/Escritorio/i3uex/education_drop/Data/Interim/Polytechnic/polytechnic_plan_subject_call.csv)
2021-06-24 13:03:09,241    DEBUG apitep_utils.data_processor - output_path: /home/fran/Escritorio/i3uex/education_drop/Data/Interim/Polytechnic/polytechnic_plan_subject_call.html
2021-06-24 13:03:25,147     INFO apitep_utils.data_processor Save dataset standard report
2021-06-24 13:03:25,147    DEBUG apitep_utils.data_processor DataProcessor.save_advanced_report(df=194569 rows,source_path_segment=/home/fran/Escritorio/i3uex/education_drop/Data/Interim/Polytechnic/polytechnic_plan_subject_call.csv)
2021-06-24 13:03:47,659     INFO __main__ Process plan_subject_call data
2021-06-24 13:03:47,659    DEBUG __main__ PlanSubCallETL.process()
2021-06-24 13:03:47,681     INFO __main__ Index(['columns of final dataset are:expediente',
       'columns of final dataset are:cod_plan',
       'columns of final dataset are:des_plan',
       'columns of final dataset are:cod_asignatura',
       'columns of final dataset are:des_asignatura',
       'columns of final dataset are:curso_asignatura',
       'columns of final dataset are:semestre',
       'columns of final dataset are:tipo_linea',
       'columns of final dataset are:tipologia_asignatura',
       'columns of final dataset are:des_tipogia_asignatura',
       'columns of final dataset are:curso_academico',
       'columns of final dataset are:convocatoria',
       'columns of final dataset are:nota_alf',
       'columns of final dataset are:nota_num',
       'columns of final dataset are:des_nota',
       'columns of final dataset are:numero_convocatorias_agotadas',
       'columns of final dataset are:fin_estudios'],
      dtype='object')
2021-06-24 13:03:47,681    DEBUG apitep_utils.data_processor - time: 0.0218 s
2021-06-24 13:03:47,681     INFO apitep_utils.data_processor Save output dataset
2021-06-24 13:03:47,681    DEBUG apitep_utils.data_processor DataProcessor.save()
2021-06-24 13:03:48,379     INFO apitep_utils.data_processor Save dataset report
2021-06-24 13:03:48,379    DEBUG apitep_utils.data_processor DataProcessor.save_report(dataframe=193513 rows, source_path_segment=/home/fran/Escritorio/i3uex/education_drop/Data/Processed/Polytechnic/Plan_Subject_Call/pr_polytechnic_plan_subject_call.csv)
2021-06-24 13:03:48,379     INFO apitep_utils.data_processor Save dataset standard report
2021-06-24 13:03:48,379    DEBUG apitep_utils.data_processor DataProcessor.save_standard_report(df=193513 rows,source_path_segment=/home/fran/Escritorio/i3uex/education_drop/Data/Processed/Polytechnic/Plan_Subject_Call/pr_polytechnic_plan_subject_call.csv)
2021-06-24 13:03:48,379    DEBUG apitep_utils.data_processor - output_path: /home/fran/Escritorio/i3uex/education_drop/Data/Processed/Polytechnic/Plan_Subject_Call/pr_polytechnic_plan_subject_call.html
2021-06-24 13:04:05,036     INFO apitep_utils.data_processor Save dataset standard report
2021-06-24 13:04:05,036    DEBUG apitep_utils.data_processor DataProcessor.save_advanced_report(df=193513 rows,source_path_segment=/home/fran/Escritorio/i3uex/education_drop/Data/Processed/Polytechnic/Plan_Subject_Call/pr_polytechnic_plan_subject_call.csv)
2021-06-24 13:07:46,090     INFO apitep_utils.data_processor Log dataset changes
2021-06-24 13:07:46,090    DEBUG apitep_utils.data_processor DataProcessor.log_changes()
2021-06-24 13:07:46,090     INFO apitep_utils.data_processor - delete data of old degrees: 1056
2021-06-24 13:09:26,007     INFO apitep_utils.etl Init ETL
2021-06-24 13:09:26,007    DEBUG apitep_utils.etl ETL.__init__(input_path_segment=None, output_path_segment=None, input_separator=|, output_separator=|, save_report_on_load=None, save_report_on_save=None, report_type=ReportType.Both, report_path_segment=None, input_type_excel=None)
2021-06-24 13:09:26,007     INFO apitep_utils.data_processor Init data processor
2021-06-24 13:09:26,007    DEBUG apitep_utils.data_processor DataProcessor.__init__(input_path_segment=None, output_path_segment=None, input_separator=|, output_separator=|, save_report_on_load=None, save_report_on_save=None, report_type=ReportType.Both, report_path_segment=None, input_type_excel=None)
2021-06-24 13:09:26,007     INFO apitep_utils.etl Execute ETL
2021-06-24 13:09:26,007    DEBUG apitep_utils.etl ETL.execute()
2021-06-24 13:09:26,007     INFO apitep_utils.data_processor Get data processor arguments
2021-06-24 13:09:26,007    DEBUG apitep_utils.data_processor DataProcessor.parse_arguments()
2021-06-24 13:09:26,008     INFO root Check if path exists
2021-06-24 13:09:26,008    DEBUG root ArgumentParserHelper.parse_data_file_path(data_file_path=/home/fran/Escritorio/i3uex/education_drop/Data/Interim/Polytechnic/polytechnic_plan_subject_call.csv)
2021-06-24 13:09:26,008     INFO root Check if path exists
2021-06-24 13:09:26,008    DEBUG root ArgumentParserHelper.parse_data_file_path(data_file_path=/home/fran/Escritorio/i3uex/education_drop/Data/Processed/Polytechnic/Plan_Subject_Call/pr_polytechnic_plan_subject_call.csv)
2021-06-24 13:09:26,008     INFO apitep_utils.data_processor Load input dataset
2021-06-24 13:09:26,008    DEBUG apitep_utils.data_processor DataProcessor.load()
2021-06-24 13:09:26,236     INFO apitep_utils.data_processor Save dataset report
2021-06-24 13:09:26,236    DEBUG apitep_utils.data_processor DataProcessor.save_report(dataframe=194569 rows, source_path_segment=/home/fran/Escritorio/i3uex/education_drop/Data/Interim/Polytechnic/polytechnic_plan_subject_call.csv)
2021-06-24 13:09:26,236     INFO apitep_utils.data_processor Save dataset standard report
2021-06-24 13:09:26,236    DEBUG apitep_utils.data_processor DataProcessor.save_standard_report(df=194569 rows,source_path_segment=/home/fran/Escritorio/i3uex/education_drop/Data/Interim/Polytechnic/polytechnic_plan_subject_call.csv)
2021-06-24 13:09:26,773    DEBUG apitep_utils.data_processor - output_path: /home/fran/Escritorio/i3uex/education_drop/Data/Interim/Polytechnic/polytechnic_plan_subject_call.html
2021-06-24 13:09:42,775     INFO apitep_utils.data_processor Save dataset standard report
2021-06-24 13:09:42,775    DEBUG apitep_utils.data_processor DataProcessor.save_advanced_report(df=194569 rows,source_path_segment=/home/fran/Escritorio/i3uex/education_drop/Data/Interim/Polytechnic/polytechnic_plan_subject_call.csv)
2021-06-24 13:10:05,798     INFO __main__ Process plan_subject_call data
2021-06-24 13:10:05,798    DEBUG __main__ PlanSubCallETL.process()
2021-06-24 13:10:05,821     INFO __main__ Index(['columns of final dataset are:expediente',
       'columns of final dataset are:cod_plan',
       'columns of final dataset are:des_plan',
       'columns of final dataset are:cod_asignatura',
       'columns of final dataset are:des_asignatura',
       'columns of final dataset are:curso_asignatura',
       'columns of final dataset are:semestre',
       'columns of final dataset are:tipo_linea',
       'columns of final dataset are:tipologia_asignatura',
       'columns of final dataset are:des_tipogia_asignatura',
       'columns of final dataset are:curso_academico',
       'columns of final dataset are:convocatoria',
       'columns of final dataset are:nota_alf',
       'columns of final dataset are:nota_num',
       'columns of final dataset are:des_nota',
       'columns of final dataset are:numero_convocatorias_agotadas',
       'columns of final dataset are:fin_estudios'],
      dtype='object')
2021-06-24 13:10:05,822    DEBUG apitep_utils.data_processor - time: 0.0241 s
2021-06-24 13:10:05,822     INFO apitep_utils.data_processor Save output dataset
2021-06-24 13:10:05,822    DEBUG apitep_utils.data_processor DataProcessor.save()
2021-06-24 13:10:06,524     INFO apitep_utils.data_processor Save dataset report
2021-06-24 13:10:06,524    DEBUG apitep_utils.data_processor DataProcessor.save_report(dataframe=193513 rows, source_path_segment=/home/fran/Escritorio/i3uex/education_drop/Data/Processed/Polytechnic/Plan_Subject_Call/pr_polytechnic_plan_subject_call.csv)
2021-06-24 13:10:06,524     INFO apitep_utils.data_processor Save dataset standard report
2021-06-24 13:10:06,524    DEBUG apitep_utils.data_processor DataProcessor.save_standard_report(df=193513 rows,source_path_segment=/home/fran/Escritorio/i3uex/education_drop/Data/Processed/Polytechnic/Plan_Subject_Call/pr_polytechnic_plan_subject_call.csv)
2021-06-24 13:10:06,524    DEBUG apitep_utils.data_processor - output_path: /home/fran/Escritorio/i3uex/education_drop/Data/Processed/Polytechnic/Plan_Subject_Call/pr_polytechnic_plan_subject_call.html
2021-06-24 13:10:23,132     INFO apitep_utils.data_processor Save dataset standard report
2021-06-24 13:10:23,133    DEBUG apitep_utils.data_processor DataProcessor.save_advanced_report(df=193513 rows,source_path_segment=/home/fran/Escritorio/i3uex/education_drop/Data/Processed/Polytechnic/Plan_Subject_Call/pr_polytechnic_plan_subject_call.csv)
2021-06-24 13:10:46,337     INFO apitep_utils.data_processor Log dataset changes
2021-06-24 13:10:46,337    DEBUG apitep_utils.data_processor DataProcessor.log_changes()
2021-06-24 13:10:46,337     INFO apitep_utils.data_processor - delete data of old degrees: 1056
