2021-06-10 13:15:42,575     INFO __main__ Start RecordPersonalAccessFeatureEngineering
2021-06-10 13:15:42,575    DEBUG __main__ main()
2021-06-10 13:15:42,575     INFO apitep_utils.feature_engineering Init FeatureEngineering
2021-06-10 13:15:42,575    DEBUG apitep_utils.feature_engineering FeatureEngineering.__init__(input_path_segment=None, output_path_segment=None, input_separator=|, output_separator=|, save_report_on_load=None, save_report_on_save=None, report_type=None)
2021-06-10 13:15:42,576     INFO apitep_utils.data_processor Init data processor
2021-06-10 13:15:42,576    DEBUG apitep_utils.data_processor DataProcessor.__init__(input_path_segment=None, output_path_segment=None, input_separator=|, output_separator=|, save_report_on_load=None, save_report_on_save=None, report_type=None, report_path_segment=None, input_type_excel=None)
2021-06-10 13:15:42,576     INFO apitep_utils.feature_engineering Execute Feature Engineering
2021-06-10 13:15:42,576    DEBUG apitep_utils.feature_engineering FeatureEngineering.execute()
2021-06-10 13:15:42,576     INFO apitep_utils.data_processor Get data processor arguments
2021-06-10 13:15:42,576    DEBUG apitep_utils.data_processor DataProcessor.parse_arguments()
2021-06-10 13:15:42,576     INFO root Check if path exists
2021-06-10 13:15:42,576    DEBUG root ArgumentParserHelper.parse_data_file_path(data_file_path=/home/fran/Escritorio/i3uex/education_drop/Data/Integrated/1st_process/int_record_personal_access.csv)
2021-06-10 13:15:42,576     INFO root Check if path exists
2021-06-10 13:15:42,576    DEBUG root ArgumentParserHelper.parse_data_file_path(data_file_path=/home/fran/Escritorio/i3uex/education_drop/Data/For_Analysis_and_Modeling/1st_process/analys_record_personal_access.csv)
2021-06-10 13:15:42,576     INFO apitep_utils.data_processor Load input dataset
2021-06-10 13:15:42,576    DEBUG apitep_utils.data_processor DataProcessor.load()
2021-06-10 13:15:42,599     INFO __main__ Feature Engineering of int_record_personal_access data
2021-06-10 13:15:42,599    DEBUG __main__ RecordPersonalAccessFeatureEngineering.process()
2021-06-10 13:15:42,609    DEBUG apitep_utils.data_processor - time: 0.0098 s
2021-06-10 13:15:42,609     INFO apitep_utils.data_processor Save output dataset
2021-06-10 13:15:42,609    DEBUG apitep_utils.data_processor DataProcessor.save()
2021-06-10 13:15:42,628     INFO apitep_utils.data_processor Log dataset changes
2021-06-10 13:15:42,628    DEBUG apitep_utils.data_processor DataProcessor.log_changes()
2021-06-14 17:42:39,651     INFO __main__ Start RecordPersonalAccessFeatureEngineering
2021-06-14 17:42:39,651    DEBUG __main__ main()
2021-06-14 17:42:39,651     INFO apitep_utils.feature_engineering Init FeatureEngineering
2021-06-14 17:42:39,651    DEBUG apitep_utils.feature_engineering FeatureEngineering.__init__(input_path_segment=None, output_path_segment=None, input_separator=|, output_separator=|, save_report_on_load=None, save_report_on_save=None, report_type=None)
2021-06-14 17:42:39,651     INFO apitep_utils.data_processor Init data processor
2021-06-14 17:42:39,651    DEBUG apitep_utils.data_processor DataProcessor.__init__(input_path_segment=None, output_path_segment=None, input_separator=|, output_separator=|, save_report_on_load=None, save_report_on_save=None, report_type=None, report_path_segment=None, input_type_excel=None)
2021-06-14 17:42:39,651     INFO apitep_utils.feature_engineering Execute Feature Engineering
2021-06-14 17:42:39,651    DEBUG apitep_utils.feature_engineering FeatureEngineering.execute()
2021-06-14 17:42:39,651     INFO apitep_utils.data_processor Get data processor arguments
2021-06-14 17:42:39,651    DEBUG apitep_utils.data_processor DataProcessor.parse_arguments()
2021-06-14 17:42:39,652     INFO root Check if path exists
2021-06-14 17:42:39,652    DEBUG root ArgumentParserHelper.parse_data_file_path(data_file_path=/home/fran/Escritorio/i3uex/education_drop/Data/Integrated/1st_process/int_record_personal_access.csv)
2021-06-14 17:42:39,652     INFO root Check if path exists
2021-06-14 17:42:39,652    DEBUG root ArgumentParserHelper.parse_data_file_path(data_file_path=/home/fran/Escritorio/i3uex/education_drop/Data/For_Analysis_and_Modeling/1st_process/analys_record_personal_access.csv)
2021-06-14 17:42:39,652     INFO apitep_utils.data_processor Load input dataset
2021-06-14 17:42:39,652    DEBUG apitep_utils.data_processor DataProcessor.load()
2021-06-14 17:42:39,674     INFO __main__ Feature Engineering of int_record_personal_access data
2021-06-14 17:42:39,674    DEBUG __main__ RecordPersonalAccessFeatureEngineering.process()
2021-06-14 17:42:39,683    DEBUG apitep_utils.data_processor - time: 0.0086 s
2021-06-14 17:42:39,683     INFO apitep_utils.data_processor Save output dataset
2021-06-14 17:42:39,683    DEBUG apitep_utils.data_processor DataProcessor.save()
2021-06-14 17:42:39,701     INFO apitep_utils.data_processor Log dataset changes
2021-06-14 17:42:39,701    DEBUG apitep_utils.data_processor DataProcessor.log_changes()
2021-06-17 12:53:21,119     INFO __main__ Start RecordPersonalAccessFeatureEngineering
2021-06-17 12:53:21,119    DEBUG __main__ main()
2021-06-17 12:53:21,119     INFO apitep_utils.feature_engineering Init FeatureEngineering
2021-06-17 12:53:21,119    DEBUG apitep_utils.feature_engineering FeatureEngineering.__init__(input_path_segment=None, output_path_segment=None, input_separator=|, output_separator=|, save_report_on_load=None, save_report_on_save=None, report_type=None)
2021-06-17 12:53:21,119     INFO apitep_utils.data_processor Init data processor
2021-06-17 12:53:21,119    DEBUG apitep_utils.data_processor DataProcessor.__init__(input_path_segment=None, output_path_segment=None, input_separator=|, output_separator=|, save_report_on_load=None, save_report_on_save=None, report_type=None, report_path_segment=None, input_type_excel=None)
2021-06-17 12:53:21,119     INFO apitep_utils.feature_engineering Execute Feature Engineering
2021-06-17 12:53:21,119    DEBUG apitep_utils.feature_engineering FeatureEngineering.execute()
2021-06-17 12:53:21,119     INFO apitep_utils.data_processor Get data processor arguments
2021-06-17 12:53:21,119    DEBUG apitep_utils.data_processor DataProcessor.parse_arguments()
2021-06-17 12:53:21,120     INFO root Check if path exists
2021-06-17 12:53:21,120    DEBUG root ArgumentParserHelper.parse_data_file_path(data_file_path=/home/fran/Escritorio/i3uex/education_drop/Data/Processed/Polytechnic/Record_Personal_Access/pr_polytechnic_record_personal_access.csv)
2021-06-17 12:53:21,120     INFO root Check if path exists
2021-06-17 12:53:21,120    DEBUG root ArgumentParserHelper.parse_data_file_path(data_file_path=/home/fran/Escritorio/i3uex/education_drop/Data/For_Analysis_and_Modeling/2nd_process/analys_polytechnic_record_personal_access.csv)
2021-06-17 12:53:21,120     INFO apitep_utils.data_processor Load input dataset
2021-06-17 12:53:21,120    DEBUG apitep_utils.data_processor DataProcessor.load()
2021-06-17 12:53:21,130     INFO __main__ Feature Engineering of int_record_personal_access data
2021-06-17 12:53:21,130    DEBUG __main__ RecordPersonalAccessFeatureEngineering.process()
2021-06-17 12:53:21,135    DEBUG apitep_utils.data_processor - time: 0.0045 s
2021-06-17 12:53:21,135     INFO apitep_utils.data_processor Save output dataset
2021-06-17 12:53:21,135    DEBUG apitep_utils.data_processor DataProcessor.save()
2021-06-17 12:53:21,142     INFO apitep_utils.data_processor Log dataset changes
2021-06-17 12:53:21,142    DEBUG apitep_utils.data_processor DataProcessor.log_changes()
2021-06-17 12:53:59,403     INFO __main__ Start RecordPersonalAccessFeatureEngineering
2021-06-17 12:53:59,403    DEBUG __main__ main()
2021-06-17 12:53:59,403     INFO apitep_utils.feature_engineering Init FeatureEngineering
2021-06-17 12:53:59,403    DEBUG apitep_utils.feature_engineering FeatureEngineering.__init__(input_path_segment=None, output_path_segment=None, input_separator=|, output_separator=|, save_report_on_load=None, save_report_on_save=None, report_type=None)
2021-06-17 12:53:59,403     INFO apitep_utils.data_processor Init data processor
2021-06-17 12:53:59,403    DEBUG apitep_utils.data_processor DataProcessor.__init__(input_path_segment=None, output_path_segment=None, input_separator=|, output_separator=|, save_report_on_load=None, save_report_on_save=None, report_type=None, report_path_segment=None, input_type_excel=None)
2021-06-17 12:53:59,403     INFO apitep_utils.feature_engineering Execute Feature Engineering
2021-06-17 12:53:59,403    DEBUG apitep_utils.feature_engineering FeatureEngineering.execute()
2021-06-17 12:53:59,403     INFO apitep_utils.data_processor Get data processor arguments
2021-06-17 12:53:59,403    DEBUG apitep_utils.data_processor DataProcessor.parse_arguments()
2021-06-17 12:53:59,404     INFO root Check if path exists
2021-06-17 12:53:59,404    DEBUG root ArgumentParserHelper.parse_data_file_path(data_file_path=/home/fran/Escritorio/i3uex/education_drop/Data/Processed/Teaching/Record_Personal_Access/pr_teaching_record_personal_access.csv)
2021-06-17 12:53:59,404    ERROR root Data file path "/home/fran/Escritorio/i3uex/education_drop/Data/Processed/Teaching/Record_Personal_Access/pr_teaching_record_personal_access.csv" does not exist
2021-06-17 12:55:28,937     INFO __main__ Start RecordPersonalAccessFeatureEngineering
2021-06-17 12:55:28,937    DEBUG __main__ main()
2021-06-17 12:55:28,937     INFO apitep_utils.feature_engineering Init FeatureEngineering
2021-06-17 12:55:28,937    DEBUG apitep_utils.feature_engineering FeatureEngineering.__init__(input_path_segment=None, output_path_segment=None, input_separator=|, output_separator=|, save_report_on_load=None, save_report_on_save=None, report_type=None)
2021-06-17 12:55:28,937     INFO apitep_utils.data_processor Init data processor
2021-06-17 12:55:28,937    DEBUG apitep_utils.data_processor DataProcessor.__init__(input_path_segment=None, output_path_segment=None, input_separator=|, output_separator=|, save_report_on_load=None, save_report_on_save=None, report_type=None, report_path_segment=None, input_type_excel=None)
2021-06-17 12:55:28,937     INFO apitep_utils.feature_engineering Execute Feature Engineering
2021-06-17 12:55:28,937    DEBUG apitep_utils.feature_engineering FeatureEngineering.execute()
2021-06-17 12:55:28,937     INFO apitep_utils.data_processor Get data processor arguments
2021-06-17 12:55:28,937    DEBUG apitep_utils.data_processor DataProcessor.parse_arguments()
2021-06-17 12:55:28,937     INFO root Check if path exists
2021-06-17 12:55:28,937    DEBUG root ArgumentParserHelper.parse_data_file_path(data_file_path=/home/fran/Escritorio/i3uex/education_drop/Data/Processed/Teaching/pr_teaching_record_personal_access.csv)
2021-06-17 12:55:28,937    ERROR root Data file path "/home/fran/Escritorio/i3uex/education_drop/Data/Processed/Teaching/pr_teaching_record_personal_access.csv" does not exist
2021-06-17 12:56:53,678     INFO __main__ Start RecordPersonalAccessFeatureEngineering
2021-06-17 12:56:53,679    DEBUG __main__ main()
2021-06-17 12:56:53,679     INFO apitep_utils.feature_engineering Init FeatureEngineering
2021-06-17 12:56:53,679    DEBUG apitep_utils.feature_engineering FeatureEngineering.__init__(input_path_segment=None, output_path_segment=None, input_separator=|, output_separator=|, save_report_on_load=None, save_report_on_save=None, report_type=None)
2021-06-17 12:56:53,679     INFO apitep_utils.data_processor Init data processor
2021-06-17 12:56:53,679    DEBUG apitep_utils.data_processor DataProcessor.__init__(input_path_segment=None, output_path_segment=None, input_separator=|, output_separator=|, save_report_on_load=None, save_report_on_save=None, report_type=None, report_path_segment=None, input_type_excel=None)
2021-06-17 12:56:53,679     INFO apitep_utils.feature_engineering Execute Feature Engineering
2021-06-17 12:56:53,679    DEBUG apitep_utils.feature_engineering FeatureEngineering.execute()
2021-06-17 12:56:53,679     INFO apitep_utils.data_processor Get data processor arguments
2021-06-17 12:56:53,679    DEBUG apitep_utils.data_processor DataProcessor.parse_arguments()
2021-06-17 12:56:53,679     INFO root Check if path exists
2021-06-17 12:56:53,679    DEBUG root ArgumentParserHelper.parse_data_file_path(data_file_path=/home/fran/Escritorio/i3uex/education_drop/Data/Processed/Teaching/Record_personal_access/pr_teaching_record_personal_access.csv)
2021-06-17 12:56:53,679     INFO root Check if path exists
2021-06-17 12:56:53,679    DEBUG root ArgumentParserHelper.parse_data_file_path(data_file_path=/home/fran/Escritorio/i3uex/education_drop/Data/For_Analysis_and_Modeling/2nd_process/analys_teaching_record_personal_access.csv)
2021-06-17 12:56:53,679     INFO apitep_utils.data_processor Load input dataset
2021-06-17 12:56:53,679    DEBUG apitep_utils.data_processor DataProcessor.load()
2021-06-17 12:56:53,693     INFO __main__ Feature Engineering of int_record_personal_access data
2021-06-17 12:56:53,693    DEBUG __main__ RecordPersonalAccessFeatureEngineering.process()
2021-06-17 12:56:53,699    DEBUG apitep_utils.data_processor - time: 0.0057 s
2021-06-17 12:56:53,699     INFO apitep_utils.data_processor Save output dataset
2021-06-17 12:56:53,699    DEBUG apitep_utils.data_processor DataProcessor.save()
2021-06-17 12:56:53,709     INFO apitep_utils.data_processor Log dataset changes
2021-06-17 12:56:53,709    DEBUG apitep_utils.data_processor DataProcessor.log_changes()
2021-06-22 12:21:13,718     INFO __main__ Start RecordPersonalAccessFeatureEngineering
2021-06-22 12:21:13,718    DEBUG __main__ main()
2021-06-22 12:21:13,718     INFO apitep_utils.feature_engineering Init FeatureEngineering
2021-06-22 12:21:13,718    DEBUG apitep_utils.feature_engineering FeatureEngineering.__init__(input_path_segment=None, output_path_segment=None, input_separator=|, output_separator=|, save_report_on_load=None, save_report_on_save=None, report_type=None)
2021-06-22 12:21:13,718     INFO apitep_utils.data_processor Init data processor
2021-06-22 12:21:13,718    DEBUG apitep_utils.data_processor DataProcessor.__init__(input_path_segment=None, output_path_segment=None, input_separator=|, output_separator=|, save_report_on_load=None, save_report_on_save=None, report_type=None, report_path_segment=None, input_type_excel=None)
2021-06-22 12:21:13,718     INFO apitep_utils.feature_engineering Execute Feature Engineering
2021-06-22 12:21:13,718    DEBUG apitep_utils.feature_engineering FeatureEngineering.execute()
2021-06-22 12:21:13,718     INFO apitep_utils.data_processor Get data processor arguments
2021-06-22 12:21:13,718    DEBUG apitep_utils.data_processor DataProcessor.parse_arguments()
2021-06-22 12:21:13,719     INFO root Check if path exists
2021-06-22 12:21:13,719    DEBUG root ArgumentParserHelper.parse_data_file_path(data_file_path=/home/fran/Escritorio/i3uex/education_drop/Data/Processed/Polytechnic/Record_Personal_Access/pr_polytechnic_record_personal_access.csv)
2021-06-22 12:21:13,719     INFO root Check if path exists
2021-06-22 12:21:13,719    DEBUG root ArgumentParserHelper.parse_data_file_path(data_file_path=/home/fran/Escritorio/i3uex/education_drop/Data/For_Analysis_and_Modeling/2nd_process/analys_polytechnic_record_personal_access.csv)
2021-06-22 12:21:13,719     INFO apitep_utils.data_processor Load input dataset
2021-06-22 12:21:13,719    DEBUG apitep_utils.data_processor DataProcessor.load()
2021-06-22 12:21:13,730     INFO __main__ Feature Engineering of int_record_personal_access data
2021-06-22 12:21:13,730    DEBUG __main__ RecordPersonalAccessFeatureEngineering.process()
2021-06-22 12:21:13,733    DEBUG apitep_utils.data_processor - time: 0.0029 s
2021-06-22 12:21:13,733     INFO apitep_utils.data_processor Save output dataset
2021-06-22 12:21:13,733    DEBUG apitep_utils.data_processor DataProcessor.save()
2021-06-22 12:21:13,741     INFO apitep_utils.data_processor Log dataset changes
2021-06-22 12:21:13,741    DEBUG apitep_utils.data_processor DataProcessor.log_changes()
2021-06-22 12:21:20,750     INFO __main__ Start RecordPersonalAccessFeatureEngineering
2021-06-22 12:21:20,751    DEBUG __main__ main()
2021-06-22 12:21:20,751     INFO apitep_utils.feature_engineering Init FeatureEngineering
2021-06-22 12:21:20,751    DEBUG apitep_utils.feature_engineering FeatureEngineering.__init__(input_path_segment=None, output_path_segment=None, input_separator=|, output_separator=|, save_report_on_load=None, save_report_on_save=None, report_type=None)
2021-06-22 12:21:20,751     INFO apitep_utils.data_processor Init data processor
2021-06-22 12:21:20,751    DEBUG apitep_utils.data_processor DataProcessor.__init__(input_path_segment=None, output_path_segment=None, input_separator=|, output_separator=|, save_report_on_load=None, save_report_on_save=None, report_type=None, report_path_segment=None, input_type_excel=None)
2021-06-22 12:21:20,751     INFO apitep_utils.feature_engineering Execute Feature Engineering
2021-06-22 12:21:20,751    DEBUG apitep_utils.feature_engineering FeatureEngineering.execute()
2021-06-22 12:21:20,751     INFO apitep_utils.data_processor Get data processor arguments
2021-06-22 12:21:20,751    DEBUG apitep_utils.data_processor DataProcessor.parse_arguments()
2021-06-22 12:21:20,751     INFO root Check if path exists
2021-06-22 12:21:20,751    DEBUG root ArgumentParserHelper.parse_data_file_path(data_file_path=/home/fran/Escritorio/i3uex/education_drop/Data/Processed/Teaching/Record_personal_access/pr_teaching_record_personal_access.csv)
2021-06-22 12:21:20,751     INFO root Check if path exists
2021-06-22 12:21:20,751    DEBUG root ArgumentParserHelper.parse_data_file_path(data_file_path=/home/fran/Escritorio/i3uex/education_drop/Data/For_Analysis_and_Modeling/2nd_process/analys_teaching_record_personal_access.csv)
2021-06-22 12:21:20,751     INFO apitep_utils.data_processor Load input dataset
2021-06-22 12:21:20,751    DEBUG apitep_utils.data_processor DataProcessor.load()
2021-06-22 12:21:20,765     INFO __main__ Feature Engineering of int_record_personal_access data
2021-06-22 12:21:20,765    DEBUG __main__ RecordPersonalAccessFeatureEngineering.process()
2021-06-22 12:21:20,768    DEBUG apitep_utils.data_processor - time: 0.0033 s
2021-06-22 12:21:20,768     INFO apitep_utils.data_processor Save output dataset
2021-06-22 12:21:20,768    DEBUG apitep_utils.data_processor DataProcessor.save()
2021-06-22 12:21:20,778     INFO apitep_utils.data_processor Log dataset changes
2021-06-22 12:21:20,778    DEBUG apitep_utils.data_processor DataProcessor.log_changes()
2021-06-24 18:09:32,169     INFO __main__ Start RecordPersonalAccessFeatureEngineering
2021-06-24 18:09:32,169    DEBUG __main__ main()
2021-06-24 18:09:32,169     INFO apitep_utils.feature_engineering Init FeatureEngineering
2021-06-24 18:09:32,169    DEBUG apitep_utils.feature_engineering FeatureEngineering.__init__(input_path_segment=None, output_path_segment=None, input_separator=|, output_separator=|, save_report_on_load=None, save_report_on_save=None, report_type=None)
2021-06-24 18:09:32,169     INFO apitep_utils.data_processor Init data processor
2021-06-24 18:09:32,169    DEBUG apitep_utils.data_processor DataProcessor.__init__(input_path_segment=None, output_path_segment=None, input_separator=|, output_separator=|, save_report_on_load=None, save_report_on_save=None, report_type=None, report_path_segment=None, input_type_excel=None)
2021-06-24 18:09:32,169     INFO apitep_utils.feature_engineering Execute Feature Engineering
2021-06-24 18:09:32,169    DEBUG apitep_utils.feature_engineering FeatureEngineering.execute()
2021-06-24 18:09:32,169     INFO apitep_utils.data_processor Get data processor arguments
2021-06-24 18:09:32,169    DEBUG apitep_utils.data_processor DataProcessor.parse_arguments()
2021-06-24 18:09:32,170     INFO root Check if path exists
2021-06-24 18:09:32,170    DEBUG root ArgumentParserHelper.parse_data_file_path(data_file_path=/home/fran/Escritorio/i3uex/education_drop/Data/Processed/Polytechnic/Record_Personal_Access/pr_polytechnic_record_personal_access.csv)
2021-06-24 18:09:32,170     INFO root Check if path exists
2021-06-24 18:09:32,170    DEBUG root ArgumentParserHelper.parse_data_file_path(data_file_path=/home/fran/Escritorio/i3uex/education_drop/Data/For_Analysis_and_Modeling/2nd_process/analys_polytechnic_record_personal_access.csv)
2021-06-24 18:09:32,170     INFO apitep_utils.data_processor Load input dataset
2021-06-24 18:09:32,170    DEBUG apitep_utils.data_processor DataProcessor.load()
2021-06-24 18:09:32,178     INFO __main__ Feature Engineering of int_record_personal_access data
2021-06-24 18:09:32,179    DEBUG __main__ RecordPersonalAccessFeatureEngineering.process()
2021-06-24 18:09:32,181    DEBUG apitep_utils.data_processor - time: 0.0027 s
2021-06-24 18:09:32,181     INFO apitep_utils.data_processor Save output dataset
2021-06-24 18:09:32,181    DEBUG apitep_utils.data_processor DataProcessor.save()
2021-06-24 18:09:32,188     INFO apitep_utils.data_processor Log dataset changes
2021-06-24 18:09:32,188    DEBUG apitep_utils.data_processor DataProcessor.log_changes()
2021-06-24 18:09:38,670     INFO __main__ Start RecordPersonalAccessFeatureEngineering
2021-06-24 18:09:38,671    DEBUG __main__ main()
2021-06-24 18:09:38,671     INFO apitep_utils.feature_engineering Init FeatureEngineering
2021-06-24 18:09:38,671    DEBUG apitep_utils.feature_engineering FeatureEngineering.__init__(input_path_segment=None, output_path_segment=None, input_separator=|, output_separator=|, save_report_on_load=None, save_report_on_save=None, report_type=None)
2021-06-24 18:09:38,671     INFO apitep_utils.data_processor Init data processor
2021-06-24 18:09:38,671    DEBUG apitep_utils.data_processor DataProcessor.__init__(input_path_segment=None, output_path_segment=None, input_separator=|, output_separator=|, save_report_on_load=None, save_report_on_save=None, report_type=None, report_path_segment=None, input_type_excel=None)
2021-06-24 18:09:38,671     INFO apitep_utils.feature_engineering Execute Feature Engineering
2021-06-24 18:09:38,671    DEBUG apitep_utils.feature_engineering FeatureEngineering.execute()
2021-06-24 18:09:38,671     INFO apitep_utils.data_processor Get data processor arguments
2021-06-24 18:09:38,671    DEBUG apitep_utils.data_processor DataProcessor.parse_arguments()
2021-06-24 18:09:38,671     INFO root Check if path exists
2021-06-24 18:09:38,671    DEBUG root ArgumentParserHelper.parse_data_file_path(data_file_path=/home/fran/Escritorio/i3uex/education_drop/Data/Processed/Teaching/Record_personal_access/pr_teaching_record_personal_access.csv)
2021-06-24 18:09:38,671     INFO root Check if path exists
2021-06-24 18:09:38,671    DEBUG root ArgumentParserHelper.parse_data_file_path(data_file_path=/home/fran/Escritorio/i3uex/education_drop/Data/For_Analysis_and_Modeling/2nd_process/analys_teaching_record_personal_access.csv)
2021-06-24 18:09:38,671     INFO apitep_utils.data_processor Load input dataset
2021-06-24 18:09:38,671    DEBUG apitep_utils.data_processor DataProcessor.load()
2021-06-24 18:09:38,686     INFO __main__ Feature Engineering of int_record_personal_access data
2021-06-24 18:09:38,686    DEBUG __main__ RecordPersonalAccessFeatureEngineering.process()
2021-06-24 18:09:38,691    DEBUG apitep_utils.data_processor - time: 0.0045 s
2021-06-24 18:09:38,691     INFO apitep_utils.data_processor Save output dataset
2021-06-24 18:09:38,691    DEBUG apitep_utils.data_processor DataProcessor.save()
2021-06-24 18:09:38,702     INFO apitep_utils.data_processor Log dataset changes
2021-06-24 18:09:38,702    DEBUG apitep_utils.data_processor DataProcessor.log_changes()
2021-06-25 12:39:48,322     INFO __main__ Start RecordPersonalAccessFeatureEngineering
2021-06-25 12:39:48,323    DEBUG __main__ main()
2021-06-25 12:39:48,323     INFO apitep_utils.feature_engineering Init FeatureEngineering
2021-06-25 12:39:48,323    DEBUG apitep_utils.feature_engineering FeatureEngineering.__init__(input_path_segment=None, output_path_segment=None, input_separator=|, output_separator=|, save_report_on_load=None, save_report_on_save=None, report_type=None)
2021-06-25 12:39:48,323     INFO apitep_utils.data_processor Init data processor
2021-06-25 12:39:48,323    DEBUG apitep_utils.data_processor DataProcessor.__init__(input_path_segment=None, output_path_segment=None, input_separator=|, output_separator=|, save_report_on_load=None, save_report_on_save=None, report_type=None, report_path_segment=None, input_type_excel=None)
2021-06-25 12:39:48,323     INFO apitep_utils.feature_engineering Execute Feature Engineering
2021-06-25 12:39:48,323    DEBUG apitep_utils.feature_engineering FeatureEngineering.execute()
2021-06-25 12:39:48,323     INFO apitep_utils.data_processor Get data processor arguments
2021-06-25 12:39:48,323    DEBUG apitep_utils.data_processor DataProcessor.parse_arguments()
2021-06-25 12:39:48,325     INFO root Check if path exists
2021-06-25 12:39:48,325    DEBUG root ArgumentParserHelper.parse_data_file_path(data_file_path=/home/fran/Escritorio/i3uex/education_drop/Data/Processed/Teaching/Record_personal_access/pr_teaching_record_personal_access.csv)
2021-06-25 12:39:48,325     INFO root Check if path exists
2021-06-25 12:39:48,325    DEBUG root ArgumentParserHelper.parse_data_file_path(data_file_path=/home/fran/Escritorio/i3uex/education_drop/Data/For_Analysis_and_Modeling/2nd_process/analys_teaching_record_personal_access.csv)
2021-06-25 12:39:48,325     INFO apitep_utils.data_processor Load input dataset
2021-06-25 12:39:48,325    DEBUG apitep_utils.data_processor DataProcessor.load()
2021-06-25 12:39:48,346     INFO __main__ Feature Engineering of int_record_personal_access data
2021-06-25 12:39:48,346    DEBUG __main__ RecordPersonalAccessFeatureEngineering.process()
2021-06-25 12:39:48,352    DEBUG apitep_utils.data_processor - time: 0.0068 s
2021-06-25 12:39:48,352     INFO apitep_utils.data_processor Save output dataset
2021-06-25 12:39:48,353    DEBUG apitep_utils.data_processor DataProcessor.save()
2021-06-25 12:39:48,365     INFO apitep_utils.data_processor Log dataset changes
2021-06-25 12:39:48,365    DEBUG apitep_utils.data_processor DataProcessor.log_changes()
2021-06-25 12:45:56,417     INFO __main__ Start RecordPersonalAccessFeatureEngineering
2021-06-25 12:45:56,417    DEBUG __main__ main()
2021-06-25 12:45:56,417     INFO apitep_utils.feature_engineering Init FeatureEngineering
2021-06-25 12:45:56,417    DEBUG apitep_utils.feature_engineering FeatureEngineering.__init__(input_path_segment=None, output_path_segment=None, input_separator=|, output_separator=|, save_report_on_load=None, save_report_on_save=None, report_type=None)
2021-06-25 12:45:56,417     INFO apitep_utils.data_processor Init data processor
2021-06-25 12:45:56,417    DEBUG apitep_utils.data_processor DataProcessor.__init__(input_path_segment=None, output_path_segment=None, input_separator=|, output_separator=|, save_report_on_load=None, save_report_on_save=None, report_type=None, report_path_segment=None, input_type_excel=None)
2021-06-25 12:45:56,417     INFO apitep_utils.feature_engineering Execute Feature Engineering
2021-06-25 12:45:56,417    DEBUG apitep_utils.feature_engineering FeatureEngineering.execute()
2021-06-25 12:45:56,417     INFO apitep_utils.data_processor Get data processor arguments
2021-06-25 12:45:56,417    DEBUG apitep_utils.data_processor DataProcessor.parse_arguments()
2021-06-25 12:45:56,418     INFO root Check if path exists
2021-06-25 12:45:56,418    DEBUG root ArgumentParserHelper.parse_data_file_path(data_file_path=/home/fran/Escritorio/i3uex/education_drop/Data/Processed/Teaching/Record_personal_access/pr_teaching_record_personal_access.csv)
2021-06-25 12:45:56,418     INFO root Check if path exists
2021-06-25 12:45:56,418    DEBUG root ArgumentParserHelper.parse_data_file_path(data_file_path=/home/fran/Escritorio/i3uex/education_drop/Data/For_Analysis_and_Modeling/2nd_process/analys_teaching_record_personal_access.csv)
2021-06-25 12:45:56,418     INFO apitep_utils.data_processor Load input dataset
2021-06-25 12:45:56,418    DEBUG apitep_utils.data_processor DataProcessor.load()
2021-06-25 12:45:56,430     INFO __main__ Feature Engineering of int_record_personal_access data
2021-06-25 12:45:56,430    DEBUG __main__ RecordPersonalAccessFeatureEngineering.process()
2021-06-25 12:45:56,434    DEBUG apitep_utils.data_processor - time: 0.0042 s
2021-06-25 12:45:56,435     INFO apitep_utils.data_processor Save output dataset
2021-06-25 12:45:56,435    DEBUG apitep_utils.data_processor DataProcessor.save()
2021-06-25 12:45:56,446     INFO apitep_utils.data_processor Log dataset changes
2021-06-25 12:45:56,446    DEBUG apitep_utils.data_processor DataProcessor.log_changes()
2021-06-28 13:04:19,911     INFO __main__ Start RecordPersonalAccessFeatureEngineering
2021-06-28 13:04:19,911    DEBUG __main__ main()
2021-06-28 13:04:19,911     INFO apitep_utils.feature_engineering Init FeatureEngineering
2021-06-28 13:04:19,911    DEBUG apitep_utils.feature_engineering FeatureEngineering.__init__(input_path_segment=None, output_path_segment=None, input_separator=|, output_separator=|, save_report_on_load=None, save_report_on_save=None, report_type=None)
2021-06-28 13:04:19,911     INFO apitep_utils.data_processor Init data processor
2021-06-28 13:04:19,911    DEBUG apitep_utils.data_processor DataProcessor.__init__(input_path_segment=None, output_path_segment=None, input_separator=|, output_separator=|, save_report_on_load=None, save_report_on_save=None, report_type=None, report_path_segment=None, input_type_excel=None)
2021-06-28 13:04:19,911     INFO apitep_utils.feature_engineering Execute Feature Engineering
2021-06-28 13:04:19,911    DEBUG apitep_utils.feature_engineering FeatureEngineering.execute()
2021-06-28 13:04:19,911     INFO apitep_utils.data_processor Get data processor arguments
2021-06-28 13:04:19,911    DEBUG apitep_utils.data_processor DataProcessor.parse_arguments()
2021-06-28 13:04:19,912     INFO root Check if path exists
2021-06-28 13:04:19,912    DEBUG root ArgumentParserHelper.parse_data_file_path(data_file_path=/home/fran/Escritorio/i3uex/education_drop/Data/Processed/Polytechnic/Record_Personal_Access/pr_polytechnic_record_personal_access.csv)
2021-06-28 13:04:19,912     INFO root Check if path exists
2021-06-28 13:04:19,912    DEBUG root ArgumentParserHelper.parse_data_file_path(data_file_path=/home/fran/Escritorio/i3uex/education_drop/Data/For_Analysis_and_Modeling/2nd_process/analys_polytechnic_record_personal_access.csv)
2021-06-28 13:04:19,912     INFO apitep_utils.data_processor Load input dataset
2021-06-28 13:04:19,912    DEBUG apitep_utils.data_processor DataProcessor.load()
2021-06-28 13:04:19,921     INFO __main__ Feature Engineering of int_record_personal_access data
2021-06-28 13:04:19,921    DEBUG __main__ RecordPersonalAccessFeatureEngineering.process()
2021-06-28 13:04:19,925    DEBUG apitep_utils.data_processor - time: 0.0043 s
2021-06-28 13:04:19,925     INFO apitep_utils.data_processor Save output dataset
2021-06-28 13:04:19,925    DEBUG apitep_utils.data_processor DataProcessor.save()
2021-06-28 13:04:19,930     INFO apitep_utils.data_processor Log dataset changes
2021-06-28 13:04:19,930    DEBUG apitep_utils.data_processor DataProcessor.log_changes()
2021-06-28 13:04:26,614     INFO __main__ Start RecordPersonalAccessFeatureEngineering
2021-06-28 13:04:26,614    DEBUG __main__ main()
2021-06-28 13:04:26,614     INFO apitep_utils.feature_engineering Init FeatureEngineering
2021-06-28 13:04:26,614    DEBUG apitep_utils.feature_engineering FeatureEngineering.__init__(input_path_segment=None, output_path_segment=None, input_separator=|, output_separator=|, save_report_on_load=None, save_report_on_save=None, report_type=None)
2021-06-28 13:04:26,614     INFO apitep_utils.data_processor Init data processor
2021-06-28 13:04:26,614    DEBUG apitep_utils.data_processor DataProcessor.__init__(input_path_segment=None, output_path_segment=None, input_separator=|, output_separator=|, save_report_on_load=None, save_report_on_save=None, report_type=None, report_path_segment=None, input_type_excel=None)
2021-06-28 13:04:26,614     INFO apitep_utils.feature_engineering Execute Feature Engineering
2021-06-28 13:04:26,614    DEBUG apitep_utils.feature_engineering FeatureEngineering.execute()
2021-06-28 13:04:26,614     INFO apitep_utils.data_processor Get data processor arguments
2021-06-28 13:04:26,614    DEBUG apitep_utils.data_processor DataProcessor.parse_arguments()
2021-06-28 13:04:26,615     INFO root Check if path exists
2021-06-28 13:04:26,615    DEBUG root ArgumentParserHelper.parse_data_file_path(data_file_path=/home/fran/Escritorio/i3uex/education_drop/Data/Processed/Teaching/Record_personal_access/pr_teaching_record_personal_access.csv)
2021-06-28 13:04:26,615     INFO root Check if path exists
2021-06-28 13:04:26,615    DEBUG root ArgumentParserHelper.parse_data_file_path(data_file_path=/home/fran/Escritorio/i3uex/education_drop/Data/For_Analysis_and_Modeling/2nd_process/analys_teaching_record_personal_access.csv)
2021-06-28 13:04:26,615     INFO apitep_utils.data_processor Load input dataset
2021-06-28 13:04:26,615    DEBUG apitep_utils.data_processor DataProcessor.load()
2021-06-28 13:04:26,623     INFO __main__ Feature Engineering of int_record_personal_access data
2021-06-28 13:04:26,623    DEBUG __main__ RecordPersonalAccessFeatureEngineering.process()
2021-06-28 13:04:26,625    DEBUG apitep_utils.data_processor - time: 0.0026 s
2021-06-28 13:04:26,625     INFO apitep_utils.data_processor Save output dataset
2021-06-28 13:04:26,625    DEBUG apitep_utils.data_processor DataProcessor.save()
2021-06-28 13:04:26,631     INFO apitep_utils.data_processor Log dataset changes
2021-06-28 13:04:26,631    DEBUG apitep_utils.data_processor DataProcessor.log_changes()
2021-06-30 12:27:32,445     INFO __main__ Start RecordPersonalAccessFeatureEngineering
2021-06-30 12:27:32,445    DEBUG __main__ main()
2021-06-30 12:27:32,445     INFO apitep_utils.feature_engineering Init FeatureEngineering
2021-06-30 12:27:32,445    DEBUG apitep_utils.feature_engineering FeatureEngineering.__init__(input_path_segment=None, output_path_segment=None, input_separator=|, output_separator=|, save_report_on_load=None, save_report_on_save=None, report_type=None)
2021-06-30 12:27:32,445     INFO apitep_utils.data_processor Init data processor
2021-06-30 12:27:32,445    DEBUG apitep_utils.data_processor DataProcessor.__init__(input_path_segment=None, output_path_segment=None, input_separator=|, output_separator=|, save_report_on_load=None, save_report_on_save=None, report_type=None, report_path_segment=None, input_type_excel=None)
2021-06-30 12:27:32,445     INFO apitep_utils.feature_engineering Execute Feature Engineering
2021-06-30 12:27:32,445    DEBUG apitep_utils.feature_engineering FeatureEngineering.execute()
2021-06-30 12:27:32,445     INFO apitep_utils.data_processor Get data processor arguments
2021-06-30 12:27:32,445    DEBUG apitep_utils.data_processor DataProcessor.parse_arguments()
2021-06-30 12:27:32,445     INFO root Check if path exists
2021-06-30 12:27:32,446    DEBUG root ArgumentParserHelper.parse_data_file_path(data_file_path=/home/fran/Escritorio/i3uex/education_drop/Data/Processed/Polytechnic/Record_Personal_Access/pr_polytechnic_record_personal_access.csv)
2021-06-30 12:27:32,446     INFO root Check if path exists
2021-06-30 12:27:32,446    DEBUG root ArgumentParserHelper.parse_data_file_path(data_file_path=/home/fran/Escritorio/i3uex/education_drop/Data/For_Analysis_and_Modeling/2nd_process/personal_access_data/analys_polytechnic_record_personal_access.csv)
2021-06-30 12:27:32,446     INFO apitep_utils.data_processor Load input dataset
2021-06-30 12:27:32,446    DEBUG apitep_utils.data_processor DataProcessor.load()
2021-06-30 12:27:32,452     INFO __main__ Feature Engineering of int_record_personal_access data
2021-06-30 12:27:32,452    DEBUG __main__ RecordPersonalAccessFeatureEngineering.process()
2021-06-30 12:27:32,454    DEBUG apitep_utils.data_processor - time: 0.0022 s
2021-06-30 12:27:32,454     INFO apitep_utils.data_processor Save output dataset
2021-06-30 12:27:32,454    DEBUG apitep_utils.data_processor DataProcessor.save()
2021-06-30 12:27:32,459     INFO apitep_utils.data_processor Log dataset changes
2021-06-30 12:27:32,459    DEBUG apitep_utils.data_processor DataProcessor.log_changes()
2021-06-30 12:28:03,302     INFO __main__ Start RecordPersonalAccessFeatureEngineering
2021-06-30 12:28:03,302    DEBUG __main__ main()
2021-06-30 12:28:03,302     INFO apitep_utils.feature_engineering Init FeatureEngineering
2021-06-30 12:28:03,302    DEBUG apitep_utils.feature_engineering FeatureEngineering.__init__(input_path_segment=None, output_path_segment=None, input_separator=|, output_separator=|, save_report_on_load=None, save_report_on_save=None, report_type=None)
2021-06-30 12:28:03,302     INFO apitep_utils.data_processor Init data processor
2021-06-30 12:28:03,302    DEBUG apitep_utils.data_processor DataProcessor.__init__(input_path_segment=None, output_path_segment=None, input_separator=|, output_separator=|, save_report_on_load=None, save_report_on_save=None, report_type=None, report_path_segment=None, input_type_excel=None)
2021-06-30 12:28:03,302     INFO apitep_utils.feature_engineering Execute Feature Engineering
2021-06-30 12:28:03,302    DEBUG apitep_utils.feature_engineering FeatureEngineering.execute()
2021-06-30 12:28:03,302     INFO apitep_utils.data_processor Get data processor arguments
2021-06-30 12:28:03,302    DEBUG apitep_utils.data_processor DataProcessor.parse_arguments()
2021-06-30 12:28:03,303     INFO root Check if path exists
2021-06-30 12:28:03,303    DEBUG root ArgumentParserHelper.parse_data_file_path(data_file_path=/home/fran/Escritorio/i3uex/education_drop/Data/Processed/Teaching/Record_personal_access/pr_teaching_record_personal_access.csv)
2021-06-30 12:28:03,303     INFO root Check if path exists
2021-06-30 12:28:03,303    DEBUG root ArgumentParserHelper.parse_data_file_path(data_file_path=/home/fran/Escritorio/i3uex/education_drop/Data/For_Analysis_and_Modeling/2nd_process/personal_access_data/analys_teaching_record_personal_access.csv)
2021-06-30 12:28:03,303     INFO apitep_utils.data_processor Load input dataset
2021-06-30 12:28:03,303    DEBUG apitep_utils.data_processor DataProcessor.load()
2021-06-30 12:28:03,310     INFO __main__ Feature Engineering of int_record_personal_access data
2021-06-30 12:28:03,310    DEBUG __main__ RecordPersonalAccessFeatureEngineering.process()
2021-06-30 12:28:03,313    DEBUG apitep_utils.data_processor - time: 0.0025 s
2021-06-30 12:28:03,313     INFO apitep_utils.data_processor Save output dataset
2021-06-30 12:28:03,313    DEBUG apitep_utils.data_processor DataProcessor.save()
2021-06-30 12:28:03,319     INFO apitep_utils.data_processor Log dataset changes
2021-06-30 12:28:03,319    DEBUG apitep_utils.data_processor DataProcessor.log_changes()
2021-07-01 14:54:37,755     INFO __main__ Start RecordPersonalAccessFeatureEngineering
2021-07-01 14:54:37,765    DEBUG __main__ main()
2021-07-01 14:54:37,766     INFO apitep_utils.feature_engineering Init FeatureEngineering
2021-07-01 14:54:37,766    DEBUG apitep_utils.feature_engineering FeatureEngineering.__init__(input_path_segment=None, output_path_segment=None, input_separator=|, output_separator=|, save_report_on_load=None, save_report_on_save=None, report_type=None)
2021-07-01 14:54:37,766     INFO apitep_utils.data_processor Init data processor
2021-07-01 14:54:37,766    DEBUG apitep_utils.data_processor DataProcessor.__init__(input_path_segment=None, output_path_segment=None, input_separator=|, output_separator=|, save_report_on_load=None, save_report_on_save=None, report_type=None, report_path_segment=None, input_type_excel=None)
2021-07-01 14:54:37,766     INFO apitep_utils.feature_engineering Execute Feature Engineering
2021-07-01 14:54:37,766    DEBUG apitep_utils.feature_engineering FeatureEngineering.execute()
2021-07-01 14:54:37,766     INFO apitep_utils.data_processor Get data processor arguments
2021-07-01 14:54:37,766    DEBUG apitep_utils.data_processor DataProcessor.parse_arguments()
2021-07-01 14:54:37,768     INFO root Check if path exists
2021-07-01 14:54:37,768    DEBUG root ArgumentParserHelper.parse_data_file_path(data_file_path=C:\Users\franj\Desktop\PAI UEX Repositorios\education_drop\Data\Processed\Teaching\Plan_Subject_Call\pr_teaching_plan_subject_call.csv)
2021-07-01 14:54:37,768     INFO root Check if path exists
2021-07-01 14:54:37,769    DEBUG root ArgumentParserHelper.parse_data_file_path(data_file_path=C:\Users\franj\Desktop\PAI UEX Repositorios\education_drop\Data\For_Analysis_and_Modeling\2nd_process\personal_access_data\analys_teaching_record_personal_access.csv)
2021-07-01 14:54:37,769     INFO apitep_utils.data_processor Load input dataset
2021-07-01 14:54:37,769    DEBUG apitep_utils.data_processor DataProcessor.load()
2021-07-01 14:54:39,185     INFO __main__ Feature Engineering of int_record_personal_access data
2021-07-01 14:54:39,185    DEBUG __main__ RecordPersonalAccessFeatureEngineering.process()
2021-07-01 14:55:20,078     INFO __main__ Start RecordPersonalAccessFeatureEngineering
2021-07-01 14:55:20,122    DEBUG __main__ main()
2021-07-01 14:55:20,122     INFO apitep_utils.feature_engineering Init FeatureEngineering
2021-07-01 14:55:20,123    DEBUG apitep_utils.feature_engineering FeatureEngineering.__init__(input_path_segment=None, output_path_segment=None, input_separator=|, output_separator=|, save_report_on_load=None, save_report_on_save=None, report_type=None)
2021-07-01 14:55:20,123     INFO apitep_utils.data_processor Init data processor
2021-07-01 14:55:20,123    DEBUG apitep_utils.data_processor DataProcessor.__init__(input_path_segment=None, output_path_segment=None, input_separator=|, output_separator=|, save_report_on_load=None, save_report_on_save=None, report_type=None, report_path_segment=None, input_type_excel=None)
2021-07-01 14:55:20,124     INFO apitep_utils.feature_engineering Execute Feature Engineering
2021-07-01 14:55:20,124    DEBUG apitep_utils.feature_engineering FeatureEngineering.execute()
2021-07-01 14:55:20,124     INFO apitep_utils.data_processor Get data processor arguments
2021-07-01 14:55:20,125    DEBUG apitep_utils.data_processor DataProcessor.parse_arguments()
2021-07-01 14:55:20,129     INFO root Check if path exists
2021-07-01 14:55:20,130    DEBUG root ArgumentParserHelper.parse_data_file_path(data_file_path=C:\Users\franj\Desktop\PAI UEX Repositorios\education_drop\Data\Processed\Teaching\Plan_Subject_Call\pr_teaching_plan_subject_call.csv)
2021-07-01 14:55:20,130     INFO root Check if path exists
2021-07-01 14:55:20,130    DEBUG root ArgumentParserHelper.parse_data_file_path(data_file_path=C:\Users\franj\Desktop\PAI UEX Repositorios\education_drop\Data\For_Analysis_and_Modeling\2nd_process\personal_access_data\analys_teaching_record_personal_access.csv)
2021-07-01 14:55:20,131     INFO apitep_utils.data_processor Load input dataset
2021-07-01 14:55:20,131    DEBUG apitep_utils.data_processor DataProcessor.load()
2021-07-01 14:55:20,986     INFO __main__ Feature Engineering of int_record_personal_access data
2021-07-01 14:55:20,986    DEBUG __main__ RecordPersonalAccessFeatureEngineering.process()
2021-07-01 14:59:04,104     INFO __main__ Start RecordPersonalAccessFeatureEngineering
2021-07-01 14:59:04,104    DEBUG __main__ main()
2021-07-01 14:59:04,104     INFO apitep_utils.feature_engineering Init FeatureEngineering
2021-07-01 14:59:04,104    DEBUG apitep_utils.feature_engineering FeatureEngineering.__init__(input_path_segment=None, output_path_segment=None, input_separator=|, output_separator=|, save_report_on_load=None, save_report_on_save=None, report_type=None)
2021-07-01 14:59:04,104     INFO apitep_utils.data_processor Init data processor
2021-07-01 14:59:04,104    DEBUG apitep_utils.data_processor DataProcessor.__init__(input_path_segment=None, output_path_segment=None, input_separator=|, output_separator=|, save_report_on_load=None, save_report_on_save=None, report_type=None, report_path_segment=None, input_type_excel=None)
2021-07-01 14:59:04,104     INFO apitep_utils.feature_engineering Execute Feature Engineering
2021-07-01 14:59:04,104    DEBUG apitep_utils.feature_engineering FeatureEngineering.execute()
2021-07-01 14:59:04,105     INFO apitep_utils.data_processor Get data processor arguments
2021-07-01 14:59:04,105    DEBUG apitep_utils.data_processor DataProcessor.parse_arguments()
2021-07-01 14:59:04,105     INFO root Check if path exists
2021-07-01 14:59:04,105    DEBUG root ArgumentParserHelper.parse_data_file_path(data_file_path=C:\Users\franj\Desktop\PAI UEX Repositorios\education_drop\Data\Processed\Teaching\Record_personal_access\pr_teaching_record_personal_access.csv)
2021-07-01 14:59:04,106     INFO root Check if path exists
2021-07-01 14:59:04,106    DEBUG root ArgumentParserHelper.parse_data_file_path(data_file_path=C:\Users\franj\Desktop\PAI UEX Repositorios\education_drop\Data\For_Analysis_and_Modeling\2nd_process\personal_access_data\analys_teaching_record_personal_access.csv)
2021-07-01 14:59:04,106     INFO apitep_utils.data_processor Load input dataset
2021-07-01 14:59:04,106    DEBUG apitep_utils.data_processor DataProcessor.load()
2021-07-01 14:59:04,145     INFO __main__ Feature Engineering of int_record_personal_access data
2021-07-01 14:59:04,145    DEBUG __main__ RecordPersonalAccessFeatureEngineering.process()
2021-07-01 14:59:04,154    DEBUG apitep_utils.data_processor - time: 0.0100 s
2021-07-01 14:59:04,154     INFO apitep_utils.data_processor Save output dataset
2021-07-01 14:59:04,154    DEBUG apitep_utils.data_processor DataProcessor.save()
2021-07-01 14:59:04,207     INFO apitep_utils.data_processor Log dataset changes
2021-07-01 14:59:04,207    DEBUG apitep_utils.data_processor DataProcessor.log_changes()
