2021-06-10 13:15:42,575     INFO __main__ Start RecordPersonalAccessFeatureEngineering
2021-06-10 13:15:42,575    DEBUG __main__ main()
2021-06-10 13:15:42,575     INFO apitep_utils.feature_engineering Init FeatureEngineering
2021-06-10 13:15:42,575    DEBUG apitep_utils.feature_engineering FeatureEngineering.__init__(input_path_segment=None, output_path_segment=None, input_separator=|, output_separator=|, save_report_on_load=None, save_report_on_save=None, report_type=None)
2021-06-10 13:15:42,576     INFO apitep_utils.data_processor Init data processor
2021-06-10 13:15:42,576    DEBUG apitep_utils.data_processor DataProcessor.__init__(input_path_segment=None, output_path_segment=None, input_separator=|, output_separator=|, save_report_on_load=None, save_report_on_save=None, report_type=None, report_path_segment=None, input_type_excel=None)
2021-06-10 13:15:42,576     INFO apitep_utils.feature_engineering Execute Feature Engineering
2021-06-10 13:15:42,576    DEBUG apitep_utils.feature_engineering FeatureEngineering.execute()
2021-06-10 13:15:42,576     INFO apitep_utils.data_processor Get data processor arguments
2021-06-10 13:15:42,576    DEBUG apitep_utils.data_processor DataProcessor.parse_arguments()
2021-06-10 13:15:42,576     INFO root Check if path exists
2021-06-10 13:15:42,576    DEBUG root ArgumentParserHelper.parse_data_file_path(data_file_path=/home/fran/Escritorio/i3uex/education_drop/Data/Integrated/1st_process/int_record_personal_access.csv)
2021-06-10 13:15:42,576     INFO root Check if path exists
2021-06-10 13:15:42,576    DEBUG root ArgumentParserHelper.parse_data_file_path(data_file_path=/home/fran/Escritorio/i3uex/education_drop/Data/For_Analysis_and_Modeling/1st_process/analys_record_personal_access.csv)
2021-06-10 13:15:42,576     INFO apitep_utils.data_processor Load input dataset
2021-06-10 13:15:42,576    DEBUG apitep_utils.data_processor DataProcessor.load()
2021-06-10 13:15:42,599     INFO __main__ Feature Engineering of int_record_personal_access data
2021-06-10 13:15:42,599    DEBUG __main__ RecordPersonalAccessFeatureEngineering.process()
2021-06-10 13:15:42,609    DEBUG apitep_utils.data_processor - time: 0.0098 s
2021-06-10 13:15:42,609     INFO apitep_utils.data_processor Save output dataset
2021-06-10 13:15:42,609    DEBUG apitep_utils.data_processor DataProcessor.save()
2021-06-10 13:15:42,628     INFO apitep_utils.data_processor Log dataset changes
2021-06-10 13:15:42,628    DEBUG apitep_utils.data_processor DataProcessor.log_changes()
2021-06-14 17:42:39,651     INFO __main__ Start RecordPersonalAccessFeatureEngineering
2021-06-14 17:42:39,651    DEBUG __main__ main()
2021-06-14 17:42:39,651     INFO apitep_utils.feature_engineering Init FeatureEngineering
2021-06-14 17:42:39,651    DEBUG apitep_utils.feature_engineering FeatureEngineering.__init__(input_path_segment=None, output_path_segment=None, input_separator=|, output_separator=|, save_report_on_load=None, save_report_on_save=None, report_type=None)
2021-06-14 17:42:39,651     INFO apitep_utils.data_processor Init data processor
2021-06-14 17:42:39,651    DEBUG apitep_utils.data_processor DataProcessor.__init__(input_path_segment=None, output_path_segment=None, input_separator=|, output_separator=|, save_report_on_load=None, save_report_on_save=None, report_type=None, report_path_segment=None, input_type_excel=None)
2021-06-14 17:42:39,651     INFO apitep_utils.feature_engineering Execute Feature Engineering
2021-06-14 17:42:39,651    DEBUG apitep_utils.feature_engineering FeatureEngineering.execute()
2021-06-14 17:42:39,651     INFO apitep_utils.data_processor Get data processor arguments
2021-06-14 17:42:39,651    DEBUG apitep_utils.data_processor DataProcessor.parse_arguments()
2021-06-14 17:42:39,652     INFO root Check if path exists
2021-06-14 17:42:39,652    DEBUG root ArgumentParserHelper.parse_data_file_path(data_file_path=/home/fran/Escritorio/i3uex/education_drop/Data/Integrated/1st_process/int_record_personal_access.csv)
2021-06-14 17:42:39,652     INFO root Check if path exists
2021-06-14 17:42:39,652    DEBUG root ArgumentParserHelper.parse_data_file_path(data_file_path=/home/fran/Escritorio/i3uex/education_drop/Data/For_Analysis_and_Modeling/1st_process/analys_record_personal_access.csv)
2021-06-14 17:42:39,652     INFO apitep_utils.data_processor Load input dataset
2021-06-14 17:42:39,652    DEBUG apitep_utils.data_processor DataProcessor.load()
2021-06-14 17:42:39,674     INFO __main__ Feature Engineering of int_record_personal_access data
2021-06-14 17:42:39,674    DEBUG __main__ RecordPersonalAccessFeatureEngineering.process()
2021-06-14 17:42:39,683    DEBUG apitep_utils.data_processor - time: 0.0086 s
2021-06-14 17:42:39,683     INFO apitep_utils.data_processor Save output dataset
2021-06-14 17:42:39,683    DEBUG apitep_utils.data_processor DataProcessor.save()
2021-06-14 17:42:39,701     INFO apitep_utils.data_processor Log dataset changes
2021-06-14 17:42:39,701    DEBUG apitep_utils.data_processor DataProcessor.log_changes()
2021-06-17 12:22:20,942     INFO __main__ Start RecordPersonalAccessFeatureEngineering
2021-06-17 12:22:20,942    DEBUG __main__ main()
2021-06-17 12:22:20,942     INFO apitep_utils.feature_engineering Init FeatureEngineering
2021-06-17 12:22:20,942    DEBUG apitep_utils.feature_engineering FeatureEngineering.__init__(input_path_segment=None, output_path_segment=None, input_separator=|, output_separator=|, save_report_on_load=None, save_report_on_save=None, report_type=None)
2021-06-17 12:22:20,942     INFO apitep_utils.data_processor Init data processor
2021-06-17 12:22:20,942    DEBUG apitep_utils.data_processor DataProcessor.__init__(input_path_segment=None, output_path_segment=None, input_separator=|, output_separator=|, save_report_on_load=None, save_report_on_save=None, report_type=None, report_path_segment=None, input_type_excel=None)
2021-06-17 12:22:20,942     INFO apitep_utils.feature_engineering Execute Feature Engineering
2021-06-17 12:22:20,942    DEBUG apitep_utils.feature_engineering FeatureEngineering.execute()
2021-06-17 12:22:20,942     INFO apitep_utils.data_processor Get data processor arguments
2021-06-17 12:22:20,942    DEBUG apitep_utils.data_processor DataProcessor.parse_arguments()
2021-06-17 12:22:20,943     INFO root Check if path exists
2021-06-17 12:22:20,943    DEBUG root ArgumentParserHelper.parse_data_file_path(data_file_path=/home/fran/Escritorio/i3uex/education_drop/Data/Integrated/1st_process/int_record_personal_access.csv)
2021-06-17 12:22:20,943     INFO root Check if path exists
2021-06-17 12:22:20,943    DEBUG root ArgumentParserHelper.parse_data_file_path(data_file_path=/home/fran/Escritorio/i3uex/education_drop/Data/For_Analysis_and_Modeling/1st_process/analys_record_personal_access.csv)
2021-06-17 12:22:20,943     INFO apitep_utils.data_processor Load input dataset
2021-06-17 12:22:20,943    DEBUG apitep_utils.data_processor DataProcessor.load()
2021-06-17 12:22:20,965     INFO __main__ Feature Engineering of int_record_personal_access data
2021-06-17 12:22:20,965    DEBUG __main__ RecordPersonalAccessFeatureEngineering.process()
2021-06-17 12:22:20,974    DEBUG apitep_utils.data_processor - time: 0.0089 s
2021-06-17 12:22:20,974     INFO apitep_utils.data_processor Save output dataset
2021-06-17 12:22:20,974    DEBUG apitep_utils.data_processor DataProcessor.save()
2021-06-17 12:22:20,991     INFO apitep_utils.data_processor Log dataset changes
2021-06-17 12:22:20,991    DEBUG apitep_utils.data_processor DataProcessor.log_changes()
