2021-06-25 12:45:09,475     INFO __main__ Start RecordPersonalAccessETL
2021-06-25 12:45:09,475    DEBUG __main__ main()
2021-06-25 12:45:09,475     INFO apitep_utils.etl Init ETL
2021-06-25 12:45:09,475    DEBUG apitep_utils.etl ETL.__init__(input_path_segment=None, output_path_segment=None, input_separator=|, output_separator=|, save_report_on_load=False, save_report_on_save=False, report_type=ReportType.Both, report_path_segment=None, input_type_excel=None)
2021-06-25 12:45:09,475     INFO apitep_utils.data_processor Init data processor
2021-06-25 12:45:09,475    DEBUG apitep_utils.data_processor DataProcessor.__init__(input_path_segment=None, output_path_segment=None, input_separator=|, output_separator=|, save_report_on_load=False, save_report_on_save=False, report_type=ReportType.Both, report_path_segment=None, input_type_excel=None)
2021-06-25 12:45:09,475     INFO apitep_utils.etl Execute ETL
2021-06-25 12:45:09,475    DEBUG apitep_utils.etl ETL.execute()
2021-06-25 12:45:09,475     INFO apitep_utils.data_processor Get data processor arguments
2021-06-25 12:45:09,475    DEBUG apitep_utils.data_processor DataProcessor.parse_arguments()
2021-06-25 12:45:09,475     INFO root Check if path exists
2021-06-25 12:45:09,475    DEBUG root ArgumentParserHelper.parse_data_file_path(data_file_path=/home/fran/Escritorio/i3uex/education_drop/Data/Interim/Teaching/teaching_record_personal_access.csv)
2021-06-25 12:45:09,476     INFO root Check if path exists
2021-06-25 12:45:09,476    DEBUG root ArgumentParserHelper.parse_data_file_path(data_file_path=/home/fran/Escritorio/i3uex/education_drop/Data/Processed/Teaching/Record_personal_access/pr_teaching_record_personal_access.csv)
2021-06-25 12:45:09,476     INFO apitep_utils.data_processor Load input dataset
2021-06-25 12:45:09,476    DEBUG apitep_utils.data_processor DataProcessor.load()
2021-06-25 12:45:09,493     INFO __main__ Process record_personal_access data
2021-06-25 12:45:09,493    DEBUG __main__ RecordPersonalAccessETL.process()
2021-06-25 12:45:09,770     INFO __main__ initial number of rows: 7716
2021-06-25 12:45:18,764     INFO __main__ Index(['columns of final dataset are:expediente',
       'columns of final dataset are:cod_plan',
       'columns of final dataset are:des_plan',
       'columns of final dataset are:anio_apertura_expediente',
       'columns of final dataset are:exp_cerrado',
       'columns of final dataset are:exp_trasladado',
       'columns of final dataset are:tipo_traslado',
       'columns of final dataset are:exp_bloqueado',
       'columns of final dataset are:abandona',
       'columns of final dataset are:anio_convocatoria_acceso',
       'columns of final dataset are:convocatoria_acceso',
       'columns of final dataset are:acceso',
       'columns of final dataset are:des_acceso',
       'columns of final dataset are:sub_acceso',
       'columns of final dataset are:des_subacesso',
       'columns of final dataset are:nota_acceso',
       'columns of final dataset are:nota_admision_def',
       'columns of final dataset are:centro_escolar_acceso',
       'columns of final dataset are:sexo',
       'columns of final dataset are:anio_nacimiento',
       'columns of final dataset are:cod_provincia',
       'columns of final dataset are:provincia',
       'columns of final dataset are:cod_municipio',
       'columns of final dataset are:municipio'],
      dtype='object')
2021-06-25 12:45:18,764     INFO __main__ final number of rows: 5012
2021-06-25 12:45:18,764    DEBUG apitep_utils.data_processor - time: 9.2715 s
2021-06-25 12:45:18,764     INFO apitep_utils.data_processor Save output dataset
2021-06-25 12:45:18,765    DEBUG apitep_utils.data_processor DataProcessor.save()
2021-06-25 12:45:18,791     INFO apitep_utils.data_processor Log dataset changes
2021-06-25 12:45:18,791    DEBUG apitep_utils.data_processor DataProcessor.log_changes()
2021-06-25 12:45:18,791     INFO apitep_utils.data_processor - delete data of old degrees: 248
2021-06-25 12:45:18,791     INFO apitep_utils.data_processor - delete data of people without all information: 2456
2021-06-25 12:45:18,791     INFO apitep_utils.data_processor - get only year of birth date: 5012
2021-06-25 12:45:18,791     INFO apitep_utils.data_processor - resolve values null of tipo_tralado column: 4637
2021-06-28 12:55:59,363     INFO __main__ Start RecordPersonalAccessETL
2021-06-28 12:55:59,366    DEBUG __main__ main()
2021-06-28 12:55:59,366     INFO apitep_utils.etl Init ETL
2021-06-28 12:55:59,366    DEBUG apitep_utils.etl ETL.__init__(input_path_segment=None, output_path_segment=None, input_separator=|, output_separator=|, save_report_on_load=None, save_report_on_save=None, report_type=ReportType.Both, report_path_segment=None, input_type_excel=None)
2021-06-28 12:55:59,366     INFO apitep_utils.data_processor Init data processor
2021-06-28 12:55:59,366    DEBUG apitep_utils.data_processor DataProcessor.__init__(input_path_segment=None, output_path_segment=None, input_separator=|, output_separator=|, save_report_on_load=None, save_report_on_save=None, report_type=ReportType.Both, report_path_segment=None, input_type_excel=None)
2021-06-28 12:55:59,366     INFO apitep_utils.etl Execute ETL
2021-06-28 12:55:59,366    DEBUG apitep_utils.etl ETL.execute()
2021-06-28 12:55:59,366     INFO apitep_utils.data_processor Get data processor arguments
2021-06-28 12:55:59,366    DEBUG apitep_utils.data_processor DataProcessor.parse_arguments()
2021-06-28 12:55:59,367     INFO root Check if path exists
2021-06-28 12:55:59,367    DEBUG root ArgumentParserHelper.parse_data_file_path(data_file_path=/home/fran/Escritorio/i3uex/education_drop/Data/Interim/Teaching/teaching_record_personal_access.csv)
2021-06-28 12:55:59,367     INFO root Check if path exists
2021-06-28 12:55:59,367    DEBUG root ArgumentParserHelper.parse_data_file_path(data_file_path=/home/fran/Escritorio/i3uex/education_drop/Data/Processed/Teaching/Record_personal_access/pr_teaching_record_personal_access.csv)
2021-06-28 12:55:59,367     INFO apitep_utils.data_processor Load input dataset
2021-06-28 12:55:59,367    DEBUG apitep_utils.data_processor DataProcessor.load()
2021-06-28 12:55:59,384     INFO apitep_utils.data_processor Save dataset report
2021-06-28 12:55:59,384    DEBUG apitep_utils.data_processor DataProcessor.save_report(dataframe=7716 rows, source_path_segment=/home/fran/Escritorio/i3uex/education_drop/Data/Interim/Teaching/teaching_record_personal_access.csv)
2021-06-28 12:55:59,384     INFO apitep_utils.data_processor Save dataset standard report
2021-06-28 12:55:59,384    DEBUG apitep_utils.data_processor DataProcessor.save_standard_report(df=7716 rows,source_path_segment=/home/fran/Escritorio/i3uex/education_drop/Data/Interim/Teaching/teaching_record_personal_access.csv)
2021-06-28 12:55:59,904    DEBUG apitep_utils.data_processor - output_path: /home/fran/Escritorio/i3uex/education_drop/Data/Interim/Teaching/teaching_record_personal_access.html
2021-06-28 12:56:14,304     INFO apitep_utils.data_processor Save dataset standard report
2021-06-28 12:56:14,304    DEBUG apitep_utils.data_processor DataProcessor.save_advanced_report(df=7716 rows,source_path_segment=/home/fran/Escritorio/i3uex/education_drop/Data/Interim/Teaching/teaching_record_personal_access.csv)
2021-06-28 12:56:23,810     INFO __main__ Process record_personal_access data
2021-06-28 12:56:23,811    DEBUG __main__ RecordPersonalAccessETL.process()
2021-06-28 12:56:24,087     INFO __main__ initial number of rows: 7716
2021-06-28 12:56:32,199     INFO __main__ Index(['columns of final dataset are:expediente',
       'columns of final dataset are:cod_plan',
       'columns of final dataset are:des_plan',
       'columns of final dataset are:anio_apertura_expediente',
       'columns of final dataset are:exp_cerrado',
       'columns of final dataset are:exp_trasladado',
       'columns of final dataset are:tipo_traslado',
       'columns of final dataset are:exp_bloqueado',
       'columns of final dataset are:abandona',
       'columns of final dataset are:anio_convocatoria_acceso',
       'columns of final dataset are:convocatoria_acceso',
       'columns of final dataset are:acceso',
       'columns of final dataset are:des_acceso',
       'columns of final dataset are:sub_acceso',
       'columns of final dataset are:des_subacesso',
       'columns of final dataset are:nota_acceso',
       'columns of final dataset are:nota_admision_def',
       'columns of final dataset are:centro_escolar_acceso',
       'columns of final dataset are:sexo',
       'columns of final dataset are:anio_nacimiento',
       'columns of final dataset are:cod_provincia',
       'columns of final dataset are:provincia',
       'columns of final dataset are:cod_municipio',
       'columns of final dataset are:municipio'],
      dtype='object')
2021-06-28 12:56:32,199     INFO __main__ final number of rows: 3397
2021-06-28 12:56:32,199    DEBUG apitep_utils.data_processor - time: 8.3885 s
2021-06-28 12:56:32,199     INFO apitep_utils.data_processor Save output dataset
2021-06-28 12:56:32,199    DEBUG apitep_utils.data_processor DataProcessor.save()
2021-06-28 12:56:32,216     INFO apitep_utils.data_processor Save dataset report
2021-06-28 12:56:32,216    DEBUG apitep_utils.data_processor DataProcessor.save_report(dataframe=3397 rows, source_path_segment=/home/fran/Escritorio/i3uex/education_drop/Data/Processed/Teaching/Record_personal_access/pr_teaching_record_personal_access.csv)
2021-06-28 12:56:32,216     INFO apitep_utils.data_processor Save dataset standard report
2021-06-28 12:56:32,216    DEBUG apitep_utils.data_processor DataProcessor.save_standard_report(df=3397 rows,source_path_segment=/home/fran/Escritorio/i3uex/education_drop/Data/Processed/Teaching/Record_personal_access/pr_teaching_record_personal_access.csv)
2021-06-28 12:56:32,216    DEBUG apitep_utils.data_processor - output_path: /home/fran/Escritorio/i3uex/education_drop/Data/Processed/Teaching/Record_personal_access/pr_teaching_record_personal_access.html
2021-06-28 12:56:46,294     INFO apitep_utils.data_processor Save dataset standard report
2021-06-28 12:56:46,294    DEBUG apitep_utils.data_processor DataProcessor.save_advanced_report(df=3397 rows,source_path_segment=/home/fran/Escritorio/i3uex/education_drop/Data/Processed/Teaching/Record_personal_access/pr_teaching_record_personal_access.csv)
2021-06-28 12:56:55,696     INFO apitep_utils.data_processor Log dataset changes
2021-06-28 12:56:55,697    DEBUG apitep_utils.data_processor DataProcessor.log_changes()
2021-06-28 12:56:55,697     INFO apitep_utils.data_processor - delete data of old degrees: 248
2021-06-28 12:56:55,697     INFO apitep_utils.data_processor - delete data of people without all information: 4071
2021-06-28 12:56:55,697     INFO apitep_utils.data_processor - get only year of birth date: 3397
2021-06-28 12:56:55,697     INFO apitep_utils.data_processor - resolve values null of tipo_tralado column: 3072
