2021-05-14 09:17:57,179     INFO __main__ Start ScolarshipPerYearETL
2021-05-14 09:17:57,179    DEBUG __main__ main()
2021-05-14 09:17:57,179     INFO apitep_utils.etl Init Integration
2021-05-14 09:17:57,179    DEBUG apitep_utils.etl Integration.__init__(input_path_segments=None, output_path_segment=None, input_separator=|, output_separator=|, save_report_on_load=None, save_report_on_save=None, report_type=None)
2021-05-14 09:17:57,179     INFO apitep_utils.data_processor Init data processor
2021-05-14 09:17:57,179    DEBUG apitep_utils.data_processor DataProcessor.__init__(input_path_segment=None, output_path_segment=None, input_separator=|, output_separator=|, save_report_on_load=None, save_report_on_save=None, report_type=None, report_path=None)
2021-05-14 09:17:57,179     INFO apitep_utils.data_processor Get data processor arguments
2021-05-14 09:17:57,179    DEBUG apitep_utils.data_processor DataProcessor.parse_arguments()
2021-05-14 09:17:57,179     INFO root Check if path exists
2021-05-14 09:17:57,179    DEBUG root ArgumentParserHelper.parse_data_file_path(data_file_path=/home/fran/Escritorio/i3uex/education_drop/Data/Interim/Polytechnic/polytechnic_scholarship_per_year.csv)
2021-05-14 09:17:57,179     INFO root Check if path exists
2021-05-14 09:17:57,179    DEBUG root ArgumentParserHelper.parse_data_file_path(data_file_path=/home/fran/Escritorio/i3uex/education_drop/Data/Processed/Polytechnic/pr_polytechnic_scholarship_per_year.csv)
2021-05-14 09:17:57,179     INFO apitep_utils.data_processor Load input dataset
2021-05-14 09:17:57,179    DEBUG apitep_utils.data_processor DataProcessor.load()
2021-05-14 09:17:57,199     INFO apitep_utils.data_processor Save dataset report
2021-05-14 09:17:57,199    DEBUG apitep_utils.data_processor DataProcessor.save_report(dataframe=15760 rows, source_path_segment=/home/fran/Escritorio/i3uex/education_drop/Data/Interim/Polytechnic/polytechnic_scholarship_per_year.csv)
2021-05-14 09:17:57,199     INFO apitep_utils.data_processor Save dataset standard report
2021-05-14 09:17:57,199    DEBUG apitep_utils.data_processor DataProcessor.save_standard_report(df=15760 rows,source_path_segment=/home/fran/Escritorio/i3uex/education_drop/Data/Interim/Polytechnic/polytechnic_scholarship_per_year.csv)
2021-05-14 09:17:57,676    DEBUG apitep_utils.data_processor - output_path: /home/fran/Escritorio/i3uex/education_drop/Data/Interim/Polytechnic/polytechnic_scholarship_per_year.html
2021-05-14 09:18:00,793     INFO __main__ Process scholarship_per_year data
2021-05-14 09:18:00,793    DEBUG __main__ ScolarshipPerYearETL.process()
2021-05-14 09:18:00,793    DEBUG apitep_utils.data_processor - time: 0.0001 s
2021-05-14 09:18:00,793     INFO apitep_utils.data_processor Save output dataset
2021-05-14 09:18:00,793    DEBUG apitep_utils.data_processor DataProcessor.save()
2021-05-14 09:18:00,822     INFO apitep_utils.data_processor Save dataset report
2021-05-14 09:18:00,822    DEBUG apitep_utils.data_processor DataProcessor.save_report(dataframe=15760 rows, source_path_segment=/home/fran/Escritorio/i3uex/education_drop/Data/Processed/Polytechnic/pr_polytechnic_scholarship_per_year.csv)
2021-05-14 09:18:00,822     INFO apitep_utils.data_processor Save dataset standard report
2021-05-14 09:18:00,822    DEBUG apitep_utils.data_processor DataProcessor.save_standard_report(df=15760 rows,source_path_segment=/home/fran/Escritorio/i3uex/education_drop/Data/Processed/Polytechnic/pr_polytechnic_scholarship_per_year.csv)
2021-05-14 09:18:00,822    DEBUG apitep_utils.data_processor - output_path: /home/fran/Escritorio/i3uex/education_drop/Data/Processed/Polytechnic/pr_polytechnic_scholarship_per_year.html
2021-05-14 09:18:03,412     INFO apitep_utils.data_processor Log dataset changes
2021-05-14 09:18:03,412    DEBUG apitep_utils.data_processor DataProcessor.log_changes()
2021-05-14 10:21:18,219     INFO __main__ Start ScolarshipPerYearETL
2021-05-14 10:21:18,219    DEBUG __main__ main()
2021-05-14 10:21:18,219     INFO apitep_utils.etl Init Integration
2021-05-14 10:21:18,219    DEBUG apitep_utils.etl Integration.__init__(input_path_segments=None, output_path_segment=None, input_separator=|, output_separator=|, save_report_on_load=None, save_report_on_save=None, report_type=None)
2021-05-14 10:21:18,219     INFO apitep_utils.data_processor Init data processor
2021-05-14 10:21:18,219    DEBUG apitep_utils.data_processor DataProcessor.__init__(input_path_segment=None, output_path_segment=None, input_separator=|, output_separator=|, save_report_on_load=None, save_report_on_save=None, report_type=None, report_path=None)
2021-05-14 10:21:18,219     INFO apitep_utils.data_processor Get data processor arguments
2021-05-14 10:21:18,219    DEBUG apitep_utils.data_processor DataProcessor.parse_arguments()
2021-05-14 10:21:18,219     INFO root Check if path exists
2021-05-14 10:21:18,220    DEBUG root ArgumentParserHelper.parse_data_file_path(data_file_path=/home/fran/Escritorio/i3uex/education_drop/Data/Interim/Polytechnic/polytechnic_scholarship_per_year.csv)
2021-05-14 10:21:18,220     INFO root Check if path exists
2021-05-14 10:21:18,220    DEBUG root ArgumentParserHelper.parse_data_file_path(data_file_path=/home/fran/Escritorio/i3uex/education_drop/Data/Processed/Polytechnic/pr_polytechnic_scholarship_per_year.csv)
2021-05-14 10:21:18,220     INFO apitep_utils.data_processor Load input dataset
2021-05-14 10:21:18,220    DEBUG apitep_utils.data_processor DataProcessor.load()
2021-05-14 10:21:18,226     INFO apitep_utils.data_processor Save dataset report
2021-05-14 10:21:18,226    DEBUG apitep_utils.data_processor DataProcessor.save_report(dataframe=15760 rows, source_path_segment=/home/fran/Escritorio/i3uex/education_drop/Data/Interim/Polytechnic/polytechnic_scholarship_per_year.csv)
2021-05-14 10:21:18,226     INFO apitep_utils.data_processor Save dataset standard report
2021-05-14 10:21:18,226    DEBUG apitep_utils.data_processor DataProcessor.save_standard_report(df=15760 rows,source_path_segment=/home/fran/Escritorio/i3uex/education_drop/Data/Interim/Polytechnic/polytechnic_scholarship_per_year.csv)
2021-05-14 10:21:18,688    DEBUG apitep_utils.data_processor - output_path: /home/fran/Escritorio/i3uex/education_drop/Data/Interim/Polytechnic/polytechnic_scholarship_per_year.html
2021-05-14 10:21:21,668     INFO __main__ Process scholarship_per_year data
2021-05-14 10:21:21,668    DEBUG __main__ ScolarshipPerYearETL.process()
2021-05-14 10:21:21,668    DEBUG apitep_utils.data_processor - time: 0.0001 s
2021-05-14 10:21:21,668     INFO apitep_utils.data_processor Save output dataset
2021-05-14 10:21:21,668    DEBUG apitep_utils.data_processor DataProcessor.save()
2021-05-14 10:21:21,696     INFO apitep_utils.data_processor Save dataset report
2021-05-14 10:21:21,696    DEBUG apitep_utils.data_processor DataProcessor.save_report(dataframe=15760 rows, source_path_segment=/home/fran/Escritorio/i3uex/education_drop/Data/Processed/Polytechnic/pr_polytechnic_scholarship_per_year.csv)
2021-05-14 10:21:21,696     INFO apitep_utils.data_processor Save dataset standard report
2021-05-14 10:21:21,696    DEBUG apitep_utils.data_processor DataProcessor.save_standard_report(df=15760 rows,source_path_segment=/home/fran/Escritorio/i3uex/education_drop/Data/Processed/Polytechnic/pr_polytechnic_scholarship_per_year.csv)
2021-05-14 10:21:21,697    DEBUG apitep_utils.data_processor - output_path: /home/fran/Escritorio/i3uex/education_drop/Data/Processed/Polytechnic/pr_polytechnic_scholarship_per_year.html
2021-05-14 10:21:24,219     INFO apitep_utils.data_processor Log dataset changes
2021-05-14 10:21:24,219    DEBUG apitep_utils.data_processor DataProcessor.log_changes()
2021-05-14 11:06:00,263     INFO __main__ Start ScolarshipPerYearETL
2021-05-14 11:06:00,263    DEBUG __main__ main()
2021-05-14 11:06:00,263     INFO apitep_utils.etl Init Integration
2021-05-14 11:06:00,263    DEBUG apitep_utils.etl Integration.__init__(input_path_segments=None, output_path_segment=None, input_separator=|, output_separator=|, save_report_on_load=False, save_report_on_save=None, report_type=ReportType.Both)
2021-05-14 11:06:00,263     INFO apitep_utils.data_processor Init data processor
2021-05-14 11:06:00,263    DEBUG apitep_utils.data_processor DataProcessor.__init__(input_path_segment=None, output_path_segment=None, input_separator=|, output_separator=|, save_report_on_load=False, save_report_on_save=None, report_type=ReportType.Both, report_path=None)
2021-05-14 11:06:00,263     INFO apitep_utils.data_processor Get data processor arguments
2021-05-14 11:06:00,263    DEBUG apitep_utils.data_processor DataProcessor.parse_arguments()
2021-05-14 11:06:00,264     INFO root Check if path exists
2021-05-14 11:06:00,264    DEBUG root ArgumentParserHelper.parse_data_file_path(data_file_path=/home/fran/Escritorio/i3uex/education_drop/Data/Interim/Polytechnic/polytechnic_scholarship_per_year.csv)
2021-05-14 11:06:00,264     INFO root Check if path exists
2021-05-14 11:06:00,264    DEBUG root ArgumentParserHelper.parse_data_file_path(data_file_path=/home/fran/Escritorio/i3uex/education_drop/Data/Processed/Polytechnic/Scolarship_per_year/pr_polytechnic_scholarship_per_year.csv)
2021-05-14 11:06:00,264     INFO apitep_utils.data_processor Load input dataset
2021-05-14 11:06:00,264    DEBUG apitep_utils.data_processor DataProcessor.load()
2021-05-14 11:06:00,271     INFO __main__ Process scholarship_per_year data
2021-05-14 11:06:00,271    DEBUG __main__ ScolarshipPerYearETL.process()
2021-05-14 11:06:00,271    DEBUG apitep_utils.data_processor - time: 0.0001 s
2021-05-14 11:06:00,271     INFO apitep_utils.data_processor Save output dataset
2021-05-14 11:06:00,271    DEBUG apitep_utils.data_processor DataProcessor.save()
2021-05-14 11:06:00,300     INFO apitep_utils.data_processor Save dataset report
2021-05-14 11:06:00,300    DEBUG apitep_utils.data_processor DataProcessor.save_report(dataframe=15760 rows, source_path_segment=/home/fran/Escritorio/i3uex/education_drop/Data/Processed/Polytechnic/Scolarship_per_year/pr_polytechnic_scholarship_per_year.csv)
2021-05-14 11:06:00,300     INFO apitep_utils.data_processor Save dataset standard report
2021-05-14 11:06:00,300    DEBUG apitep_utils.data_processor DataProcessor.save_standard_report(df=15760 rows,source_path_segment=/home/fran/Escritorio/i3uex/education_drop/Data/Processed/Polytechnic/Scolarship_per_year/pr_polytechnic_scholarship_per_year.csv)
2021-05-14 11:06:00,784    DEBUG apitep_utils.data_processor - output_path: /home/fran/Escritorio/i3uex/education_drop/Data/Processed/Polytechnic/Scolarship_per_year/pr_polytechnic_scholarship_per_year.html
2021-05-14 11:06:03,820     INFO apitep_utils.data_processor Save dataset standard report
2021-05-14 11:06:03,820    DEBUG apitep_utils.data_processor DataProcessor.save_advanced_report(df=15760 rows,source_path_segment=/home/fran/Escritorio/i3uex/education_drop/Data/Processed/Polytechnic/Scolarship_per_year/pr_polytechnic_scholarship_per_year.csv)
2021-05-14 11:06:05,451     INFO apitep_utils.data_processor Log dataset changes
2021-05-14 11:06:05,452    DEBUG apitep_utils.data_processor DataProcessor.log_changes()
2021-05-14 11:07:25,541     INFO __main__ Start ScolarshipPerYearETL
2021-05-14 11:07:25,541    DEBUG __main__ main()
2021-05-14 11:07:25,541     INFO apitep_utils.etl Init Integration
2021-05-14 11:07:25,541    DEBUG apitep_utils.etl Integration.__init__(input_path_segments=None, output_path_segment=None, input_separator=|, output_separator=|, save_report_on_load=False, save_report_on_save=None, report_type=ReportType.Both)
2021-05-14 11:07:25,541     INFO apitep_utils.data_processor Init data processor
2021-05-14 11:07:25,541    DEBUG apitep_utils.data_processor DataProcessor.__init__(input_path_segment=None, output_path_segment=None, input_separator=|, output_separator=|, save_report_on_load=False, save_report_on_save=None, report_type=ReportType.Both, report_path=None)
2021-05-14 11:07:25,541     INFO apitep_utils.data_processor Get data processor arguments
2021-05-14 11:07:25,541    DEBUG apitep_utils.data_processor DataProcessor.parse_arguments()
2021-05-14 11:07:25,542     INFO root Check if path exists
2021-05-14 11:07:25,542    DEBUG root ArgumentParserHelper.parse_data_file_path(data_file_path=/home/fran/Escritorio/i3uex/education_drop/Data/Interim/Teaching/teaching_scholarship_per_year.csv)
2021-05-14 11:07:25,542     INFO root Check if path exists
2021-05-14 11:07:25,542    DEBUG root ArgumentParserHelper.parse_data_file_path(data_file_path=/home/fran/Escritorio/i3uex/education_drop/Data/Processed/Teaching/Scolarship_per_year/pr_teaching_scholarship_per_year.csv)
2021-05-14 11:07:25,542     INFO apitep_utils.data_processor Load input dataset
2021-05-14 11:07:25,542    DEBUG apitep_utils.data_processor DataProcessor.load()
2021-05-14 11:07:25,556     INFO __main__ Process scholarship_per_year data
2021-05-14 11:07:25,556    DEBUG __main__ ScolarshipPerYearETL.process()
2021-05-14 11:07:25,556    DEBUG apitep_utils.data_processor - time: 0.0001 s
2021-05-14 11:07:25,556     INFO apitep_utils.data_processor Save output dataset
2021-05-14 11:07:25,556    DEBUG apitep_utils.data_processor DataProcessor.save()
2021-05-14 11:07:25,596     INFO apitep_utils.data_processor Save dataset report
2021-05-14 11:07:25,596    DEBUG apitep_utils.data_processor DataProcessor.save_report(dataframe=21596 rows, source_path_segment=/home/fran/Escritorio/i3uex/education_drop/Data/Processed/Teaching/Scolarship_per_year/pr_teaching_scholarship_per_year.csv)
2021-05-14 11:07:25,596     INFO apitep_utils.data_processor Save dataset standard report
2021-05-14 11:07:25,596    DEBUG apitep_utils.data_processor DataProcessor.save_standard_report(df=21596 rows,source_path_segment=/home/fran/Escritorio/i3uex/education_drop/Data/Processed/Teaching/Scolarship_per_year/pr_teaching_scholarship_per_year.csv)
2021-05-14 11:07:26,102    DEBUG apitep_utils.data_processor - output_path: /home/fran/Escritorio/i3uex/education_drop/Data/Processed/Teaching/Scolarship_per_year/pr_teaching_scholarship_per_year.html
2021-05-14 11:07:29,102     INFO apitep_utils.data_processor Save dataset standard report
2021-05-14 11:07:29,102    DEBUG apitep_utils.data_processor DataProcessor.save_advanced_report(df=21596 rows,source_path_segment=/home/fran/Escritorio/i3uex/education_drop/Data/Processed/Teaching/Scolarship_per_year/pr_teaching_scholarship_per_year.csv)
2021-05-14 11:07:30,720     INFO apitep_utils.data_processor Log dataset changes
2021-05-14 11:07:30,720    DEBUG apitep_utils.data_processor DataProcessor.log_changes()
2021-05-14 12:00:08,001     INFO __main__ Start ScolarshipPerYearETL
2021-05-14 12:00:08,001    DEBUG __main__ main()
2021-05-14 12:00:08,001     INFO apitep_utils.etl Init Integration
2021-05-14 12:00:08,001    DEBUG apitep_utils.etl Integration.__init__(input_path_segments=None, output_path_segment=None, input_separator=|, output_separator=|, save_report_on_load=False, save_report_on_save=None, report_type=ReportType.Both)
2021-05-14 12:00:08,001     INFO apitep_utils.data_processor Init data processor
2021-05-14 12:00:08,001    DEBUG apitep_utils.data_processor DataProcessor.__init__(input_path_segment=None, output_path_segment=None, input_separator=|, output_separator=|, save_report_on_load=False, save_report_on_save=None, report_type=ReportType.Both, report_path=None)
2021-05-14 12:00:08,001     INFO apitep_utils.data_processor Get data processor arguments
2021-05-14 12:00:08,001    DEBUG apitep_utils.data_processor DataProcessor.parse_arguments()
2021-05-14 12:00:08,002     INFO root Check if path exists
2021-05-14 12:00:08,002    DEBUG root ArgumentParserHelper.parse_data_file_path(data_file_path=/home/fran/Escritorio/i3uex/education_drop/Data/Interim/Polytechnic/polytechnic_scholarship_per_year.csv)
2021-05-14 12:00:08,002     INFO root Check if path exists
2021-05-14 12:00:08,002    DEBUG root ArgumentParserHelper.parse_data_file_path(data_file_path=/home/fran/Escritorio/i3uex/education_drop/Data/Processed/Polytechnic/Scolarship_per_year/pr_polytechnic_scholarship_per_year.csv)
2021-05-14 12:00:08,002     INFO apitep_utils.data_processor Load input dataset
2021-05-14 12:00:08,002    DEBUG apitep_utils.data_processor DataProcessor.load()
2021-05-14 12:00:08,009     INFO __main__ Process scholarship_per_year data
2021-05-14 12:00:08,009    DEBUG __main__ ScolarshipPerYearETL.process()
2021-05-14 12:00:08,009    DEBUG apitep_utils.data_processor - time: 0.0001 s
2021-05-14 12:00:08,009     INFO apitep_utils.data_processor Save output dataset
2021-05-14 12:00:08,009    DEBUG apitep_utils.data_processor DataProcessor.save()
2021-05-14 12:00:08,037     INFO apitep_utils.data_processor Save dataset report
2021-05-14 12:00:08,037    DEBUG apitep_utils.data_processor DataProcessor.save_report(dataframe=15760 rows, source_path_segment=/home/fran/Escritorio/i3uex/education_drop/Data/Processed/Polytechnic/Scolarship_per_year/pr_polytechnic_scholarship_per_year.csv)
2021-05-14 12:00:08,037     INFO apitep_utils.data_processor Save dataset standard report
2021-05-14 12:00:08,037    DEBUG apitep_utils.data_processor DataProcessor.save_standard_report(df=15760 rows,source_path_segment=/home/fran/Escritorio/i3uex/education_drop/Data/Processed/Polytechnic/Scolarship_per_year/pr_polytechnic_scholarship_per_year.csv)
2021-05-14 12:00:08,522    DEBUG apitep_utils.data_processor - output_path: /home/fran/Escritorio/i3uex/education_drop/Data/Processed/Polytechnic/Scolarship_per_year/pr_polytechnic_scholarship_per_year.html
2021-05-14 12:00:11,599     INFO apitep_utils.data_processor Save dataset standard report
2021-05-14 12:00:11,599    DEBUG apitep_utils.data_processor DataProcessor.save_advanced_report(df=15760 rows,source_path_segment=/home/fran/Escritorio/i3uex/education_drop/Data/Processed/Polytechnic/Scolarship_per_year/pr_polytechnic_scholarship_per_year.csv)
2021-05-14 12:00:13,238     INFO apitep_utils.data_processor Log dataset changes
2021-05-14 12:00:13,239    DEBUG apitep_utils.data_processor DataProcessor.log_changes()
2021-05-14 12:00:20,219     INFO __main__ Start ScolarshipPerYearETL
2021-05-14 12:00:20,219    DEBUG __main__ main()
2021-05-14 12:00:20,219     INFO apitep_utils.etl Init Integration
2021-05-14 12:00:20,219    DEBUG apitep_utils.etl Integration.__init__(input_path_segments=None, output_path_segment=None, input_separator=|, output_separator=|, save_report_on_load=False, save_report_on_save=None, report_type=ReportType.Both)
2021-05-14 12:00:20,219     INFO apitep_utils.data_processor Init data processor
2021-05-14 12:00:20,219    DEBUG apitep_utils.data_processor DataProcessor.__init__(input_path_segment=None, output_path_segment=None, input_separator=|, output_separator=|, save_report_on_load=False, save_report_on_save=None, report_type=ReportType.Both, report_path=None)
2021-05-14 12:00:20,219     INFO apitep_utils.data_processor Get data processor arguments
2021-05-14 12:00:20,219    DEBUG apitep_utils.data_processor DataProcessor.parse_arguments()
2021-05-14 12:00:20,220     INFO root Check if path exists
2021-05-14 12:00:20,220    DEBUG root ArgumentParserHelper.parse_data_file_path(data_file_path=/home/fran/Escritorio/i3uex/education_drop/Data/Interim/Teaching/teaching_scholarship_per_year.csv)
2021-05-14 12:00:20,220     INFO root Check if path exists
2021-05-14 12:00:20,220    DEBUG root ArgumentParserHelper.parse_data_file_path(data_file_path=/home/fran/Escritorio/i3uex/education_drop/Data/Processed/Teaching/Scolarship_per_year/pr_teaching_scholarship_per_year.csv)
2021-05-14 12:00:20,220     INFO apitep_utils.data_processor Load input dataset
2021-05-14 12:00:20,220    DEBUG apitep_utils.data_processor DataProcessor.load()
2021-05-14 12:00:20,233     INFO __main__ Process scholarship_per_year data
2021-05-14 12:00:20,233    DEBUG __main__ ScolarshipPerYearETL.process()
2021-05-14 12:00:20,233    DEBUG apitep_utils.data_processor - time: 0.0001 s
2021-05-14 12:00:20,233     INFO apitep_utils.data_processor Save output dataset
2021-05-14 12:00:20,233    DEBUG apitep_utils.data_processor DataProcessor.save()
2021-05-14 12:00:20,275     INFO apitep_utils.data_processor Save dataset report
2021-05-14 12:00:20,275    DEBUG apitep_utils.data_processor DataProcessor.save_report(dataframe=21596 rows, source_path_segment=/home/fran/Escritorio/i3uex/education_drop/Data/Processed/Teaching/Scolarship_per_year/pr_teaching_scholarship_per_year.csv)
2021-05-14 12:00:20,275     INFO apitep_utils.data_processor Save dataset standard report
2021-05-14 12:00:20,275    DEBUG apitep_utils.data_processor DataProcessor.save_standard_report(df=21596 rows,source_path_segment=/home/fran/Escritorio/i3uex/education_drop/Data/Processed/Teaching/Scolarship_per_year/pr_teaching_scholarship_per_year.csv)
2021-05-14 12:00:20,806    DEBUG apitep_utils.data_processor - output_path: /home/fran/Escritorio/i3uex/education_drop/Data/Processed/Teaching/Scolarship_per_year/pr_teaching_scholarship_per_year.html
2021-05-14 12:00:24,118     INFO apitep_utils.data_processor Save dataset standard report
2021-05-14 12:00:24,118    DEBUG apitep_utils.data_processor DataProcessor.save_advanced_report(df=21596 rows,source_path_segment=/home/fran/Escritorio/i3uex/education_drop/Data/Processed/Teaching/Scolarship_per_year/pr_teaching_scholarship_per_year.csv)
2021-05-14 12:00:25,818     INFO apitep_utils.data_processor Log dataset changes
2021-05-14 12:00:25,818    DEBUG apitep_utils.data_processor DataProcessor.log_changes()
