2021-05-27 12:10:38,681     INFO __main__ Start FetchData
2021-05-27 12:10:38,681    DEBUG __main__ main()
2021-05-27 12:10:38,681     INFO apitep_utils.etl Init Integration
2021-05-27 12:10:38,681    DEBUG apitep_utils.etl Integration.__init__(input_path_segment=None, output_path_segment=None, input_separator=None, output_separator=None, save_report_on_load=False, save_report_on_save=False, report_type=None, report_path_segment=None, input_type_excel=True)
2021-05-27 12:10:38,681     INFO apitep_utils.data_processor Init data processor
2021-05-27 12:10:38,681    DEBUG apitep_utils.data_processor DataProcessor.__init__(input_path_segment=None, output_path_segment=None, input_separator=None, output_separator=None, save_report_on_load=False, save_report_on_save=False, report_type=None, report_path_segment=None)
2021-05-27 12:10:38,681     INFO apitep_utils.etl Execute ETL
2021-05-27 12:10:38,681    DEBUG apitep_utils.etl ETL.execute()
2021-05-27 12:10:38,681     INFO apitep_utils.data_processor Get data processor arguments
2021-05-27 12:10:38,681    DEBUG apitep_utils.data_processor DataProcessor.parse_arguments()
2021-05-27 12:10:38,682     INFO root Check if path exists
2021-05-27 12:10:38,682    DEBUG root ArgumentParserHelper.parse_data_file_path(data_file_path=/home/fran/Escritorio/i3uex/education_drop/Data/Raw/Profesorado -plan asignatura convocatoria.xls)
2021-05-27 12:10:38,682     INFO root Check if path exists
2021-05-27 12:10:38,682    DEBUG root ArgumentParserHelper.parse_data_file_path(data_file_path=/home/fran/Escritorio/i3uex/education_drop/Data/Interim/Teaching/teaching_plan_subject_call.csv)
2021-05-27 12:10:38,682     INFO apitep_utils.data_processor Load input dataset
2021-05-27 12:10:38,682    DEBUG apitep_utils.data_processor DataProcessor.load()
2021-05-27 12:11:16,309     INFO __main__ Start FetchData
2021-05-27 12:11:16,309    DEBUG __main__ main()
2021-05-27 12:11:16,309     INFO apitep_utils.etl Init Integration
2021-05-27 12:11:16,309    DEBUG apitep_utils.etl Integration.__init__(input_path_segment=None, output_path_segment=None, input_separator=None, output_separator=None, save_report_on_load=False, save_report_on_save=False, report_type=None, report_path_segment=None, input_type_excel=True)
2021-05-27 12:11:16,309     INFO apitep_utils.data_processor Init data processor
2021-05-27 12:11:16,309    DEBUG apitep_utils.data_processor DataProcessor.__init__(input_path_segment=None, output_path_segment=None, input_separator=None, output_separator=None, save_report_on_load=False, save_report_on_save=False, report_type=None, report_path_segment=None)
2021-05-27 12:11:16,309     INFO apitep_utils.data_processor Get data processor arguments
2021-05-27 12:11:16,309    DEBUG apitep_utils.data_processor DataProcessor.parse_arguments()
2021-05-27 12:11:16,309     INFO root Check if path exists
2021-05-27 12:11:16,310    DEBUG root ArgumentParserHelper.parse_data_file_path(data_file_path=/home/fran/Escritorio/i3uex/education_drop/Data/Raw/Profesorado -plan asignatura convocatoria.xls)
2021-05-27 12:11:16,310     INFO root Check if path exists
2021-05-27 12:11:16,310    DEBUG root ArgumentParserHelper.parse_data_file_path(data_file_path=/home/fran/Escritorio/i3uex/education_drop/Data/Interim/Teaching/teaching_plan_subject_call.csv)
2021-05-27 12:11:16,310     INFO apitep_utils.data_processor Load input dataset
2021-05-27 12:11:16,310    DEBUG apitep_utils.data_processor DataProcessor.load()
2021-05-27 12:11:45,501     INFO __main__ Start FetchData
2021-05-27 12:11:45,501    DEBUG __main__ main()
2021-05-27 12:11:45,501     INFO apitep_utils.etl Init Integration
2021-05-27 12:11:45,501    DEBUG apitep_utils.etl Integration.__init__(input_path_segment=None, output_path_segment=None, input_separator=None, output_separator=None, save_report_on_load=False, save_report_on_save=False, report_type=None, report_path_segment=None, input_type_excel=True)
2021-05-27 12:11:45,501     INFO apitep_utils.data_processor Init data processor
2021-05-27 12:11:45,501    DEBUG apitep_utils.data_processor DataProcessor.__init__(input_path_segment=None, output_path_segment=None, input_separator=None, output_separator=None, save_report_on_load=False, save_report_on_save=False, report_type=None, report_path_segment=None)
2021-05-27 12:11:45,501     INFO apitep_utils.etl Execute ETL
2021-05-27 12:11:45,501    DEBUG apitep_utils.etl ETL.execute()
2021-05-27 12:11:45,501     INFO apitep_utils.data_processor Get data processor arguments
2021-05-27 12:11:45,501    DEBUG apitep_utils.data_processor DataProcessor.parse_arguments()
2021-05-27 12:11:45,502     INFO root Check if path exists
2021-05-27 12:11:45,502    DEBUG root ArgumentParserHelper.parse_data_file_path(data_file_path=/home/fran/Escritorio/i3uex/education_drop/Data/Raw/Profesorado -plan asignatura convocatoria.xls)
2021-05-27 12:11:45,502     INFO root Check if path exists
2021-05-27 12:11:45,502    DEBUG root ArgumentParserHelper.parse_data_file_path(data_file_path=/home/fran/Escritorio/i3uex/education_drop/Data/Interim/Teaching/teaching_plan_subject_call.csv)
2021-05-27 12:11:45,502     INFO apitep_utils.data_processor Load input dataset
2021-05-27 12:11:45,502    DEBUG apitep_utils.data_processor DataProcessor.load()
2021-05-27 12:14:23,689     INFO __main__ Start FetchData
2021-05-27 12:14:23,689    DEBUG __main__ main()
2021-05-27 12:14:23,689     INFO apitep_utils.etl Init Integration
2021-05-27 12:14:23,689    DEBUG apitep_utils.etl Integration.__init__(input_path_segment=None, output_path_segment=None, input_separator=None, output_separator=None, save_report_on_load=False, save_report_on_save=False, report_type=None, report_path_segment=None, input_type_excel=True)
2021-05-27 12:14:23,689     INFO apitep_utils.data_processor Init data processor
2021-05-27 12:14:23,689    DEBUG apitep_utils.data_processor DataProcessor.__init__(input_path_segment=None, output_path_segment=None, input_separator=None, output_separator=None, save_report_on_load=False, save_report_on_save=False, report_type=None, report_path_segment=None)
2021-05-27 12:14:23,689     INFO apitep_utils.etl Execute ETL
2021-05-27 12:14:23,690    DEBUG apitep_utils.etl ETL.execute()
2021-05-27 12:14:23,690     INFO apitep_utils.data_processor Get data processor arguments
2021-05-27 12:14:23,690    DEBUG apitep_utils.data_processor DataProcessor.parse_arguments()
2021-05-27 12:14:23,691     INFO root Check if path exists
2021-05-27 12:14:23,691    DEBUG root ArgumentParserHelper.parse_data_file_path(data_file_path=/home/fran/Escritorio/i3uex/education_drop/Data/Raw/Profesorado -plan asignatura convocatoria.xls)
2021-05-27 12:14:23,691     INFO root Check if path exists
2021-05-27 12:14:23,691    DEBUG root ArgumentParserHelper.parse_data_file_path(data_file_path=/home/fran/Escritorio/i3uex/education_drop/Data/Interim/Teaching/teaching_plan_subject_call.csv)
2021-05-27 12:15:03,652     INFO __main__ Start FetchData
2021-05-27 12:15:03,652    DEBUG __main__ main()
2021-05-27 12:15:03,653     INFO apitep_utils.etl Init Integration
2021-05-27 12:15:03,653    DEBUG apitep_utils.etl Integration.__init__(input_path_segment=None, output_path_segment=None, input_separator=None, output_separator=None, save_report_on_load=False, save_report_on_save=False, report_type=None, report_path_segment=None, input_type_excel=True)
2021-05-27 12:15:03,653     INFO apitep_utils.data_processor Init data processor
2021-05-27 12:15:03,653    DEBUG apitep_utils.data_processor DataProcessor.__init__(input_path_segment=None, output_path_segment=None, input_separator=None, output_separator=None, save_report_on_load=False, save_report_on_save=False, report_type=None, report_path_segment=None)
2021-05-27 12:17:03,196     INFO __main__ Start FetchData
2021-05-27 12:17:03,196    DEBUG __main__ main()
2021-05-27 12:17:03,197     INFO apitep_utils.etl Init Integration
2021-05-27 12:17:03,197    DEBUG apitep_utils.etl Integration.__init__(input_path_segment=None, output_path_segment=None, input_separator=None, output_separator=None, save_report_on_load=False, save_report_on_save=False, report_type=None, report_path_segment=None, input_type_excel=True)
2021-05-27 12:17:03,197     INFO apitep_utils.data_processor Init data processor
2021-05-27 12:17:03,197    DEBUG apitep_utils.data_processor DataProcessor.__init__(input_path_segment=None, output_path_segment=None, input_separator=None, output_separator=None, save_report_on_load=False, save_report_on_save=False, report_type=None, report_path_segment=None)
2021-05-27 12:17:15,121     INFO __main__ Start FetchData
2021-05-27 12:17:15,121    DEBUG __main__ main()
2021-05-27 12:17:15,121     INFO apitep_utils.etl Init Integration
2021-05-27 12:17:15,121    DEBUG apitep_utils.etl Integration.__init__(input_path_segment=None, output_path_segment=None, input_separator=None, output_separator=None, save_report_on_load=False, save_report_on_save=False, report_type=None, report_path_segment=None, input_type_excel=True)
2021-05-27 12:17:15,121     INFO apitep_utils.data_processor Init data processor
2021-05-27 12:17:15,121    DEBUG apitep_utils.data_processor DataProcessor.__init__(input_path_segment=None, output_path_segment=None, input_separator=None, output_separator=None, save_report_on_load=False, save_report_on_save=False, report_type=None, report_path_segment=None)
2021-05-27 12:18:10,994     INFO __main__ Start FetchData
2021-05-27 12:18:10,995    DEBUG __main__ main()
2021-05-27 12:18:10,995     INFO apitep_utils.etl Init Integration
2021-05-27 12:18:10,995    DEBUG apitep_utils.etl Integration.__init__(input_path_segment=None, output_path_segment=None, input_separator=None, output_separator=None, save_report_on_load=False, save_report_on_save=False, report_type=None, report_path_segment=None, input_type_excel=True)
2021-05-27 12:18:10,995     INFO apitep_utils.data_processor Init data processor
2021-05-27 12:18:10,995    DEBUG apitep_utils.data_processor DataProcessor.__init__(input_path_segment=None, output_path_segment=None, input_separator=None, output_separator=None, save_report_on_load=False, save_report_on_save=False, report_type=None, report_path_segment=None)
2021-05-27 12:18:34,181     INFO __main__ Start FetchData
2021-05-27 12:18:34,181    DEBUG __main__ main()
2021-05-27 12:18:34,181     INFO apitep_utils.etl Init Integration
2021-05-27 12:18:34,181    DEBUG apitep_utils.etl Integration.__init__(input_path_segment=None, output_path_segment=None, input_separator=None, output_separator=None, save_report_on_load=False, save_report_on_save=False, report_type=None, report_path_segment=None, input_type_excel=True)
2021-05-27 12:18:34,182     INFO apitep_utils.data_processor Init data processor
2021-05-27 12:18:34,182    DEBUG apitep_utils.data_processor DataProcessor.__init__(input_path_segment=None, output_path_segment=None, input_separator=None, output_separator=None, save_report_on_load=False, save_report_on_save=False, report_type=None, report_path_segment=None)
2021-05-27 12:18:56,517     INFO __main__ Start FetchData
2021-05-27 12:18:56,517    DEBUG __main__ main()
2021-05-27 12:18:56,517     INFO apitep_utils.etl Init Integration
2021-05-27 12:18:56,517    DEBUG apitep_utils.etl Integration.__init__(input_path_segment=None, output_path_segment=None, input_separator=None, output_separator=None, save_report_on_load=False, save_report_on_save=False, report_type=None, report_path_segment=None, input_type_excel=True)
2021-05-27 12:18:56,517     INFO apitep_utils.data_processor Init data processor
2021-05-27 12:18:56,517    DEBUG apitep_utils.data_processor DataProcessor.__init__(input_path_segment=None, output_path_segment=None, input_separator=None, output_separator=None, save_report_on_load=False, save_report_on_save=False, report_type=None, report_path_segment=None)
2021-05-27 12:18:56,517     INFO apitep_utils.etl Execute ETL
2021-05-27 12:18:56,518    DEBUG apitep_utils.etl ETL.execute()
2021-05-27 12:18:56,518     INFO apitep_utils.data_processor Get data processor arguments
2021-05-27 12:18:56,518    DEBUG apitep_utils.data_processor DataProcessor.parse_arguments()
2021-05-27 12:18:56,519     INFO root Check if path exists
2021-05-27 12:18:56,519    DEBUG root ArgumentParserHelper.parse_data_file_path(data_file_path=/home/fran/Escritorio/i3uex/education_drop/Data/Raw/Profesorado -plan asignatura convocatoria.xls)
2021-05-27 12:18:56,519     INFO root Check if path exists
2021-05-27 12:18:56,519    DEBUG root ArgumentParserHelper.parse_data_file_path(data_file_path=/home/fran/Escritorio/i3uex/education_drop/Data/Interim/Teaching/teaching_plan_subject_call.csv)
2021-05-27 12:19:34,151     INFO __main__ Start FetchData
2021-05-27 12:19:34,151    DEBUG __main__ main()
2021-05-27 12:19:34,151     INFO apitep_utils.etl Init Integration
2021-05-27 12:19:34,151    DEBUG apitep_utils.etl Integration.__init__(input_path_segment=None, output_path_segment=None, input_separator=None, output_separator=None, save_report_on_load=False, save_report_on_save=False, report_type=None, report_path_segment=None, input_type_excel=True)
2021-05-27 12:19:34,151     INFO apitep_utils.data_processor Init data processor
2021-05-27 12:19:34,151    DEBUG apitep_utils.data_processor DataProcessor.__init__(input_path_segment=None, output_path_segment=None, input_separator=None, output_separator=None, save_report_on_load=False, save_report_on_save=False, report_type=None, report_path_segment=None)
2021-05-27 12:19:53,771     INFO __main__ Start FetchData
2021-05-27 12:19:53,771    DEBUG __main__ main()
2021-05-27 12:19:53,772     INFO apitep_utils.etl Init Integration
2021-05-27 12:19:53,772    DEBUG apitep_utils.etl Integration.__init__(input_path_segment=None, output_path_segment=None, input_separator=None, output_separator=None, save_report_on_load=False, save_report_on_save=False, report_type=None, report_path_segment=None, input_type_excel=False)
2021-05-27 12:19:53,772     INFO apitep_utils.data_processor Init data processor
2021-05-27 12:19:53,772    DEBUG apitep_utils.data_processor DataProcessor.__init__(input_path_segment=None, output_path_segment=None, input_separator=None, output_separator=None, save_report_on_load=False, save_report_on_save=False, report_type=None, report_path_segment=None)
2021-05-27 12:20:29,506     INFO __main__ Start FetchData
2021-05-27 12:20:29,506    DEBUG __main__ main()
2021-05-27 12:20:29,507     INFO apitep_utils.etl Init Integration
2021-05-27 12:20:29,507    DEBUG apitep_utils.etl Integration.__init__(input_path_segment=None, output_path_segment=None, input_separator=None, output_separator=None, save_report_on_load=False, save_report_on_save=False, report_type=None, report_path_segment=None, input_type_excel=False)
2021-05-27 12:20:29,507     INFO apitep_utils.data_processor Init data processor
2021-05-27 12:20:29,507    DEBUG apitep_utils.data_processor DataProcessor.__init__(input_path_segment=None, output_path_segment=None, input_separator=None, output_separator=None, save_report_on_load=False, save_report_on_save=False, report_type=None, report_path_segment=None)
2021-05-27 12:23:15,988     INFO __main__ Start FetchData
2021-05-27 12:23:15,988    DEBUG __main__ main()
2021-05-27 12:23:15,988     INFO apitep_utils.etl Init Integration
2021-05-27 12:23:15,988    DEBUG apitep_utils.etl Integration.__init__(input_path_segment=None, output_path_segment=None, input_separator=None, output_separator=None, save_report_on_load=False, save_report_on_save=False, report_type=None, report_path_segment=None, input_type_excel=False)
2021-05-27 12:23:15,988     INFO apitep_utils.data_processor Init data processor
2021-05-27 12:23:15,988    DEBUG apitep_utils.data_processor DataProcessor.__init__(input_path_segment=None, output_path_segment=None, input_separator=None, output_separator=None, save_report_on_load=False, save_report_on_save=False, report_type=None, report_path_segment=None)
2021-05-27 12:23:15,988     INFO apitep_utils.etl Execute ETL
2021-05-27 12:23:15,988    DEBUG apitep_utils.etl ETL.execute()
2021-05-27 12:23:15,988     INFO apitep_utils.data_processor Get data processor arguments
2021-05-27 12:23:15,988    DEBUG apitep_utils.data_processor DataProcessor.parse_arguments()
2021-05-27 12:23:15,989     INFO root Check if path exists
2021-05-27 12:23:15,989    DEBUG root ArgumentParserHelper.parse_data_file_path(data_file_path=/home/fran/Escritorio/i3uex/education_drop/Data/Raw/Profesorado -plan asignatura convocatoria.xls)
2021-05-27 12:23:15,989     INFO root Check if path exists
2021-05-27 12:23:15,989    DEBUG root ArgumentParserHelper.parse_data_file_path(data_file_path=/home/fran/Escritorio/i3uex/education_drop/Data/Interim/Teaching/teaching_plan_subject_call.csv)
2021-05-27 12:23:15,989     INFO apitep_utils.data_processor Load input dataset
2021-05-27 12:23:15,989    DEBUG apitep_utils.data_processor DataProcessor.load()
2021-05-27 12:23:34,397     INFO __main__ Start FetchData
2021-05-27 12:23:34,397    DEBUG __main__ main()
2021-05-27 12:23:34,398     INFO apitep_utils.etl Init Integration
2021-05-27 12:23:34,398    DEBUG apitep_utils.etl Integration.__init__(input_path_segment=None, output_path_segment=None, input_separator=None, output_separator=None, save_report_on_load=False, save_report_on_save=False, report_type=None, report_path_segment=None, input_type_excel=False)
2021-05-27 12:23:34,398     INFO apitep_utils.data_processor Init data processor
2021-05-27 12:23:34,398    DEBUG apitep_utils.data_processor DataProcessor.__init__(input_path_segment=None, output_path_segment=None, input_separator=None, output_separator=None, save_report_on_load=False, save_report_on_save=False, report_type=None, report_path_segment=None)
2021-05-27 12:23:51,866     INFO __main__ Start FetchData
2021-05-27 12:23:51,866    DEBUG __main__ main()
2021-05-27 12:23:51,866     INFO apitep_utils.etl Init Integration
2021-05-27 12:23:51,866    DEBUG apitep_utils.etl Integration.__init__(input_path_segment=None, output_path_segment=None, input_separator=None, output_separator=None, save_report_on_load=False, save_report_on_save=False, report_type=None, report_path_segment=None, input_type_excel=True)
2021-05-27 12:23:51,866     INFO apitep_utils.data_processor Init data processor
2021-05-27 12:23:51,866    DEBUG apitep_utils.data_processor DataProcessor.__init__(input_path_segment=None, output_path_segment=None, input_separator=None, output_separator=None, save_report_on_load=False, save_report_on_save=False, report_type=None, report_path_segment=None)
2021-05-27 12:23:51,866     INFO apitep_utils.etl Execute ETL
2021-05-27 12:23:51,866    DEBUG apitep_utils.etl ETL.execute()
2021-05-27 12:23:51,866     INFO apitep_utils.data_processor Get data processor arguments
2021-05-27 12:23:51,866    DEBUG apitep_utils.data_processor DataProcessor.parse_arguments()
2021-05-27 12:23:51,866     INFO root Check if path exists
2021-05-27 12:23:51,866    DEBUG root ArgumentParserHelper.parse_data_file_path(data_file_path=/home/fran/Escritorio/i3uex/education_drop/Data/Raw/Profesorado -plan asignatura convocatoria.xls)
2021-05-27 12:23:51,866     INFO root Check if path exists
2021-05-27 12:23:51,866    DEBUG root ArgumentParserHelper.parse_data_file_path(data_file_path=/home/fran/Escritorio/i3uex/education_drop/Data/Interim/Teaching/teaching_plan_subject_call.csv)
2021-05-27 12:23:51,866     INFO apitep_utils.data_processor Load input dataset
2021-05-27 12:23:51,866    DEBUG apitep_utils.data_processor DataProcessor.load()
2021-05-27 12:24:00,215     INFO __main__ Start FetchData
2021-05-27 12:24:00,215    DEBUG __main__ main()
2021-05-27 12:24:00,215     INFO apitep_utils.etl Init Integration
2021-05-27 12:24:00,215    DEBUG apitep_utils.etl Integration.__init__(input_path_segment=None, output_path_segment=None, input_separator=None, output_separator=None, save_report_on_load=False, save_report_on_save=False, report_type=None, report_path_segment=None, input_type_excel=True)
2021-05-27 12:24:00,216     INFO apitep_utils.data_processor Init data processor
2021-05-27 12:24:00,216    DEBUG apitep_utils.data_processor DataProcessor.__init__(input_path_segment=None, output_path_segment=None, input_separator=None, output_separator=None, save_report_on_load=False, save_report_on_save=False, report_type=None, report_path_segment=None)
2021-05-27 12:24:29,905     INFO apitep_utils.etl Execute ETL
2021-05-27 12:24:29,905    DEBUG apitep_utils.etl ETL.execute()
2021-05-27 12:24:29,905     INFO apitep_utils.data_processor Get data processor arguments
2021-05-27 12:24:29,906    DEBUG apitep_utils.data_processor DataProcessor.parse_arguments()
2021-05-27 12:24:29,907     INFO root Check if path exists
2021-05-27 12:24:29,908    DEBUG root ArgumentParserHelper.parse_data_file_path(data_file_path=/home/fran/Escritorio/i3uex/education_drop/Data/Raw/Profesorado -plan asignatura convocatoria.xls)
2021-05-27 12:24:29,908     INFO root Check if path exists
2021-05-27 12:24:29,908    DEBUG root ArgumentParserHelper.parse_data_file_path(data_file_path=/home/fran/Escritorio/i3uex/education_drop/Data/Interim/Teaching/teaching_plan_subject_call.csv)
2021-05-27 12:25:14,185     INFO __main__ Start FetchData
2021-05-27 12:25:14,185    DEBUG __main__ main()
2021-05-27 12:25:14,192     INFO apitep_utils.etl Init Integration
2021-05-27 12:25:14,192    DEBUG apitep_utils.etl Integration.__init__(input_path_segment=None, output_path_segment=None, input_separator=None, output_separator=None, save_report_on_load=False, save_report_on_save=False, report_type=None, report_path_segment=None, input_type_excel=True)
2021-05-27 12:25:14,192     INFO apitep_utils.data_processor Init data processor
2021-05-27 12:25:14,193    DEBUG apitep_utils.data_processor DataProcessor.__init__(input_path_segment=None, output_path_segment=None, input_separator=None, output_separator=None, save_report_on_load=False, save_report_on_save=False, report_type=None, report_path_segment=None)
2021-05-27 12:36:01,817     INFO __main__ Start FetchData
2021-05-27 12:36:01,817    DEBUG __main__ main()
2021-05-27 12:36:01,824     INFO apitep_utils.etl Init ETL
2021-05-27 12:36:01,824    DEBUG apitep_utils.etl ETL.__init__(input_path_segment=None, output_path_segment=None, input_separator=None, output_separator=None, save_report_on_load=False, save_report_on_save=False, report_type=None, report_path_segment=None, input_type_excel=True)
2021-05-27 12:36:01,824     INFO apitep_utils.data_processor Init data processor
2021-05-27 12:36:01,824    DEBUG apitep_utils.data_processor DataProcessor.__init__(input_path_segment=None, output_path_segment=None, input_separator=None, output_separator=None, save_report_on_load=False, save_report_on_save=False, report_type=None, report_path_segment=None)
2021-05-27 13:07:08,762     INFO __main__ Start FetchData
2021-05-27 13:07:08,762    DEBUG __main__ main()
2021-05-27 13:07:08,762     INFO apitep_utils.etl Init ETL
2021-05-27 13:07:08,762    DEBUG apitep_utils.etl ETL.__init__(input_path_segment=None, output_path_segment=None, input_separator=None, output_separator=None, save_report_on_load=False, save_report_on_save=False, report_type=None, report_path_segment=None, input_type_excel=True)
2021-05-27 13:07:08,762     INFO apitep_utils.data_processor Init data processor
2021-05-27 13:07:08,762    DEBUG apitep_utils.data_processor DataProcessor.__init__(input_path_segment=None, output_path_segment=None, input_separator=None, output_separator=None, save_report_on_load=False, save_report_on_save=False, report_type=None, report_path_segment=None, input_type_excel=True)
2021-05-27 13:07:08,762     INFO apitep_utils.etl Execute ETL
2021-05-27 13:07:08,762    DEBUG apitep_utils.etl ETL.execute()
2021-05-27 13:07:08,762     INFO apitep_utils.data_processor Get data processor arguments
2021-05-27 13:07:08,762    DEBUG apitep_utils.data_processor DataProcessor.parse_arguments()
2021-05-27 13:07:08,763     INFO root Check if path exists
2021-05-27 13:07:08,763    DEBUG root ArgumentParserHelper.parse_data_file_path(data_file_path=/home/fran/Escritorio/i3uex/education_drop/Data/Raw/Profesorado -plan asignatura convocatoria.xls)
2021-05-27 13:07:08,763     INFO root Check if path exists
2021-05-27 13:07:08,763    DEBUG root ArgumentParserHelper.parse_data_file_path(data_file_path=/home/fran/Escritorio/i3uex/education_drop/Data/Interim/Teaching/teaching_plan_subject_call.csv)
2021-05-27 13:07:54,648     INFO __main__ Start FetchData
2021-05-27 13:07:54,648    DEBUG __main__ main()
2021-05-27 13:07:54,648     INFO apitep_utils.etl Init ETL
2021-05-27 13:07:54,648    DEBUG apitep_utils.etl ETL.__init__(input_path_segment=None, output_path_segment=None, input_separator=None, output_separator=None, save_report_on_load=False, save_report_on_save=False, report_type=None, report_path_segment=None, input_type_excel=True)
2021-05-27 13:07:54,648     INFO apitep_utils.data_processor Init data processor
2021-05-27 13:07:54,648    DEBUG apitep_utils.data_processor DataProcessor.__init__(input_path_segment=None, output_path_segment=None, input_separator=None, output_separator=None, save_report_on_load=False, save_report_on_save=False, report_type=None, report_path_segment=None, input_type_excel=True)
2021-05-27 13:07:54,648     INFO apitep_utils.etl Execute ETL
2021-05-27 13:07:54,648    DEBUG apitep_utils.etl ETL.execute()
2021-05-27 13:07:54,648     INFO apitep_utils.data_processor Get data processor arguments
2021-05-27 13:07:54,648    DEBUG apitep_utils.data_processor DataProcessor.parse_arguments()
2021-05-27 13:07:54,648     INFO root Check if path exists
2021-05-27 13:07:54,648    DEBUG root ArgumentParserHelper.parse_data_file_path(data_file_path=/home/fran/Escritorio/i3uex/education_drop/Data/Raw/Profesorado -plan asignatura convocatoria.xls)
2021-05-27 13:07:54,648     INFO root Check if path exists
2021-05-27 13:07:54,649    DEBUG root ArgumentParserHelper.parse_data_file_path(data_file_path=/home/fran/Escritorio/i3uex/education_drop/Data/Interim/Teaching/teaching_plan_subject_call.csv)
2021-05-27 13:07:54,649     INFO apitep_utils.data_processor Load input dataset
2021-05-27 13:07:54,649    DEBUG apitep_utils.data_processor DataProcessor.load()
2021-05-27 13:07:58,929     INFO __main__ reorder columns of dataset and set on top column 'expediente'
2021-05-27 13:07:58,936    DEBUG apitep_utils.data_processor - time: 0.0068 s
2021-05-27 13:07:58,936     INFO apitep_utils.data_processor Save output dataset
2021-05-27 13:07:58,936    DEBUG apitep_utils.data_processor DataProcessor.save()
2021-05-27 13:07:59,164     INFO apitep_utils.data_processor Log dataset changes
2021-05-27 13:07:59,164    DEBUG apitep_utils.data_processor DataProcessor.log_changes()
2021-05-27 13:10:49,026     INFO __main__ Start FetchData
2021-05-27 13:10:49,026    DEBUG __main__ main()
2021-05-27 13:10:49,026     INFO apitep_utils.etl Init ETL
2021-05-27 13:10:49,026    DEBUG apitep_utils.etl ETL.__init__(input_path_segment=None, output_path_segment=None, input_separator=None, output_separator=None, save_report_on_load=False, save_report_on_save=False, report_type=None, report_path_segment=None, input_type_excel=True)
2021-05-27 13:10:49,026     INFO apitep_utils.data_processor Init data processor
2021-05-27 13:10:49,026    DEBUG apitep_utils.data_processor DataProcessor.__init__(input_path_segment=None, output_path_segment=None, input_separator=None, output_separator=None, save_report_on_load=False, save_report_on_save=False, report_type=None, report_path_segment=None, input_type_excel=True)
2021-05-27 13:10:49,026     INFO apitep_utils.etl Execute ETL
2021-05-27 13:10:49,026    DEBUG apitep_utils.etl ETL.execute()
2021-05-27 13:10:49,026     INFO apitep_utils.data_processor Get data processor arguments
2021-05-27 13:10:49,026    DEBUG apitep_utils.data_processor DataProcessor.parse_arguments()
2021-05-27 13:10:49,027     INFO root Check if path exists
2021-05-27 13:10:49,027    DEBUG root ArgumentParserHelper.parse_data_file_path(data_file_path=/home/fran/Escritorio/i3uex/education_drop/Data/Raw/Profesorado -plan asignatura convocatoria.xls)
2021-05-27 13:10:49,027     INFO root Check if path exists
2021-05-27 13:10:49,027    DEBUG root ArgumentParserHelper.parse_data_file_path(data_file_path=/home/fran/Escritorio/i3uex/education_drop/Data/Interim/Teaching/teaching_plan_subject_call.csv)
2021-05-27 13:10:49,027     INFO apitep_utils.data_processor Load input dataset
2021-05-27 13:10:49,027    DEBUG apitep_utils.data_processor DataProcessor.load()
2021-05-27 13:10:53,388     INFO __main__ reorder columns of dataset and set on top column 'expediente'
2021-05-27 13:10:53,392    DEBUG apitep_utils.data_processor - time: 0.0039 s
2021-05-27 13:10:53,392     INFO apitep_utils.data_processor Save output dataset
2021-05-27 13:10:53,392    DEBUG apitep_utils.data_processor DataProcessor.save()
2021-05-27 13:10:53,613     INFO apitep_utils.data_processor Log dataset changes
2021-05-27 13:10:53,613    DEBUG apitep_utils.data_processor DataProcessor.log_changes()
2021-05-27 13:11:01,427     INFO __main__ Start FetchData
2021-05-27 13:11:01,427    DEBUG __main__ main()
2021-05-27 13:11:01,427     INFO apitep_utils.etl Init ETL
2021-05-27 13:11:01,427    DEBUG apitep_utils.etl ETL.__init__(input_path_segment=None, output_path_segment=None, input_separator=None, output_separator=None, save_report_on_load=False, save_report_on_save=False, report_type=None, report_path_segment=None, input_type_excel=True)
2021-05-27 13:11:01,427     INFO apitep_utils.data_processor Init data processor
2021-05-27 13:11:01,427    DEBUG apitep_utils.data_processor DataProcessor.__init__(input_path_segment=None, output_path_segment=None, input_separator=None, output_separator=None, save_report_on_load=False, save_report_on_save=False, report_type=None, report_path_segment=None, input_type_excel=True)
2021-05-27 13:11:01,427     INFO apitep_utils.etl Execute ETL
2021-05-27 13:11:01,427    DEBUG apitep_utils.etl ETL.execute()
2021-05-27 13:11:01,427     INFO apitep_utils.data_processor Get data processor arguments
2021-05-27 13:11:01,427    DEBUG apitep_utils.data_processor DataProcessor.parse_arguments()
2021-05-27 13:11:01,427     INFO root Check if path exists
2021-05-27 13:11:01,427    DEBUG root ArgumentParserHelper.parse_data_file_path(data_file_path=/home/fran/Escritorio/i3uex/education_drop/Data/Raw/Profesorado -datos de expediente,personales y de acceso.xls)
2021-05-27 13:11:01,427     INFO root Check if path exists
2021-05-27 13:11:01,427    DEBUG root ArgumentParserHelper.parse_data_file_path(data_file_path=/home/fran/Escritorio/i3uex/education_drop/Data/Interim/Teaching/teaching_record_personal_access.csv)
2021-05-27 13:11:01,427     INFO apitep_utils.data_processor Load input dataset
2021-05-27 13:11:01,427    DEBUG apitep_utils.data_processor DataProcessor.load()
2021-05-27 13:11:01,695     INFO __main__ reorder columns of dataset and set on top column 'expediente'
2021-05-27 13:11:01,696    DEBUG apitep_utils.data_processor - time: 0.0011 s
2021-05-27 13:11:01,696     INFO apitep_utils.data_processor Save output dataset
2021-05-27 13:11:01,696    DEBUG apitep_utils.data_processor DataProcessor.save()
2021-05-27 13:11:01,760     INFO apitep_utils.data_processor Log dataset changes
2021-05-27 13:11:01,760    DEBUG apitep_utils.data_processor DataProcessor.log_changes()
2021-05-27 13:12:36,987     INFO __main__ Start FetchData
2021-05-27 13:12:36,987    DEBUG __main__ main()
2021-05-27 13:12:36,987     INFO apitep_utils.etl Init ETL
2021-05-27 13:12:36,987    DEBUG apitep_utils.etl ETL.__init__(input_path_segment=None, output_path_segment=None, input_separator=None, output_separator=None, save_report_on_load=False, save_report_on_save=False, report_type=None, report_path_segment=None, input_type_excel=True)
2021-05-27 13:12:36,987     INFO apitep_utils.data_processor Init data processor
2021-05-27 13:12:36,987    DEBUG apitep_utils.data_processor DataProcessor.__init__(input_path_segment=None, output_path_segment=None, input_separator=None, output_separator=None, save_report_on_load=False, save_report_on_save=False, report_type=None, report_path_segment=None, input_type_excel=True)
2021-05-27 13:12:36,987     INFO apitep_utils.etl Execute ETL
2021-05-27 13:12:36,988    DEBUG apitep_utils.etl ETL.execute()
2021-05-27 13:12:36,988     INFO apitep_utils.data_processor Get data processor arguments
2021-05-27 13:12:36,988    DEBUG apitep_utils.data_processor DataProcessor.parse_arguments()
2021-05-27 13:12:36,988     INFO root Check if path exists
2021-05-27 13:12:36,988    DEBUG root ArgumentParserHelper.parse_data_file_path(data_file_path=/home/fran/Escritorio/i3uex/education_drop/Data/Raw/Profesorado -becario por curso academico.xls)
2021-05-27 13:12:36,988     INFO root Check if path exists
2021-05-27 13:12:36,988    DEBUG root ArgumentParserHelper.parse_data_file_path(data_file_path=/home/fran/Escritorio/i3uex/education_drop/Data/Interim/Teaching/teaching_scholarship_per_year.csv)
2021-05-27 13:12:36,988     INFO apitep_utils.data_processor Load input dataset
2021-05-27 13:12:36,988    DEBUG apitep_utils.data_processor DataProcessor.load()
2021-05-27 13:12:37,194     INFO __main__ reorder columns of dataset and set on top column 'expediente'
2021-05-27 13:12:37,195    DEBUG apitep_utils.data_processor - time: 0.0008 s
2021-05-27 13:12:37,195     INFO apitep_utils.data_processor Save output dataset
2021-05-27 13:12:37,195    DEBUG apitep_utils.data_processor DataProcessor.save()
2021-05-27 13:12:37,233     INFO apitep_utils.data_processor Log dataset changes
2021-05-27 13:12:37,233    DEBUG apitep_utils.data_processor DataProcessor.log_changes()
2021-05-27 13:17:26,533     INFO __main__ Start FetchData
2021-05-27 13:17:26,533    DEBUG __main__ main()
2021-05-27 13:17:26,533     INFO apitep_utils.etl Init ETL
2021-05-27 13:17:26,533    DEBUG apitep_utils.etl ETL.__init__(input_path_segment=None, output_path_segment=None, input_separator=None, output_separator=None, save_report_on_load=False, save_report_on_save=False, report_type=None, report_path_segment=None, input_type_excel=True)
2021-05-27 13:17:26,533     INFO apitep_utils.data_processor Init data processor
2021-05-27 13:17:26,533    DEBUG apitep_utils.data_processor DataProcessor.__init__(input_path_segment=None, output_path_segment=None, input_separator=None, output_separator=None, save_report_on_load=False, save_report_on_save=False, report_type=None, report_path_segment=None, input_type_excel=True)
2021-05-27 13:17:26,533     INFO apitep_utils.etl Execute ETL
2021-05-27 13:17:26,533    DEBUG apitep_utils.etl ETL.execute()
2021-05-27 13:17:26,533     INFO apitep_utils.data_processor Get data processor arguments
2021-05-27 13:17:26,533    DEBUG apitep_utils.data_processor DataProcessor.parse_arguments()
2021-05-27 13:17:26,534     INFO root Check if path exists
2021-05-27 13:17:26,534    DEBUG root ArgumentParserHelper.parse_data_file_path(data_file_path=/home/fran/Escritorio/i3uex/education_drop/Data/Raw/Profesorado -plan asignatura convocatoria.xls)
2021-05-27 13:17:26,534     INFO root Check if path exists
2021-05-27 13:17:26,534    DEBUG root ArgumentParserHelper.parse_data_file_path(data_file_path=/home/fran/Escritorio/i3uex/education_drop/Data/Interim/Polytechnic/polytechnic_plan_subject_call.csv)
2021-05-27 13:17:26,534     INFO apitep_utils.data_processor Load input dataset
2021-05-27 13:17:26,534    DEBUG apitep_utils.data_processor DataProcessor.load()
2021-05-27 13:17:30,779     INFO __main__ reorder columns of dataset and set on top column 'expediente'
2021-05-27 13:17:30,783    DEBUG apitep_utils.data_processor - time: 0.0038 s
2021-05-27 13:17:30,783     INFO apitep_utils.data_processor Save output dataset
2021-05-27 13:17:30,783    DEBUG apitep_utils.data_processor DataProcessor.save()
2021-05-27 13:17:31,001     INFO apitep_utils.data_processor Log dataset changes
2021-05-27 13:17:31,001    DEBUG apitep_utils.data_processor DataProcessor.log_changes()
2021-05-27 13:20:07,741     INFO __main__ Start FetchData
2021-05-27 13:20:07,741    DEBUG __main__ main()
2021-05-27 13:20:07,741     INFO apitep_utils.etl Init ETL
2021-05-27 13:20:07,741    DEBUG apitep_utils.etl ETL.__init__(input_path_segment=None, output_path_segment=None, input_separator=None, output_separator=None, save_report_on_load=False, save_report_on_save=False, report_type=None, report_path_segment=None, input_type_excel=True)
2021-05-27 13:20:07,741     INFO apitep_utils.data_processor Init data processor
2021-05-27 13:20:07,741    DEBUG apitep_utils.data_processor DataProcessor.__init__(input_path_segment=None, output_path_segment=None, input_separator=None, output_separator=None, save_report_on_load=False, save_report_on_save=False, report_type=None, report_path_segment=None, input_type_excel=True)
2021-05-27 13:20:07,741     INFO apitep_utils.etl Execute ETL
2021-05-27 13:20:07,741    DEBUG apitep_utils.etl ETL.execute()
2021-05-27 13:20:07,741     INFO apitep_utils.data_processor Get data processor arguments
2021-05-27 13:20:07,741    DEBUG apitep_utils.data_processor DataProcessor.parse_arguments()
2021-05-27 13:20:07,742     INFO root Check if path exists
2021-05-27 13:20:07,742    DEBUG root ArgumentParserHelper.parse_data_file_path(data_file_path=/home/fran/Escritorio/i3uex/education_drop/Data/Raw/Politecnica -datos de expediente,personales y de acceso.xls)
2021-05-27 13:20:07,742     INFO root Check if path exists
2021-05-27 13:20:07,742    DEBUG root ArgumentParserHelper.parse_data_file_path(data_file_path=/home/fran/Escritorio/i3uex/education_drop/Data/Interim/Polytechnic/polytechnic_record_personal_access.csv)
2021-05-27 13:20:07,742     INFO apitep_utils.data_processor Load input dataset
2021-05-27 13:20:07,742    DEBUG apitep_utils.data_processor DataProcessor.load()
2021-05-27 13:20:07,948     INFO __main__ reorder columns of dataset and set on top column 'expediente'
2021-05-27 13:20:07,949    DEBUG apitep_utils.data_processor - time: 0.0009 s
2021-05-27 13:20:07,949     INFO apitep_utils.data_processor Save output dataset
2021-05-27 13:20:07,949    DEBUG apitep_utils.data_processor DataProcessor.save()
2021-05-27 13:20:08,005     INFO apitep_utils.data_processor Log dataset changes
2021-05-27 13:20:08,005    DEBUG apitep_utils.data_processor DataProcessor.log_changes()
2021-05-27 13:20:18,744     INFO __main__ Start FetchData
2021-05-27 13:20:18,744    DEBUG __main__ main()
2021-05-27 13:20:18,744     INFO apitep_utils.etl Init ETL
2021-05-27 13:20:18,744    DEBUG apitep_utils.etl ETL.__init__(input_path_segment=None, output_path_segment=None, input_separator=None, output_separator=None, save_report_on_load=False, save_report_on_save=False, report_type=None, report_path_segment=None, input_type_excel=True)
2021-05-27 13:20:18,744     INFO apitep_utils.data_processor Init data processor
2021-05-27 13:20:18,744    DEBUG apitep_utils.data_processor DataProcessor.__init__(input_path_segment=None, output_path_segment=None, input_separator=None, output_separator=None, save_report_on_load=False, save_report_on_save=False, report_type=None, report_path_segment=None, input_type_excel=True)
2021-05-27 13:20:18,744     INFO apitep_utils.etl Execute ETL
2021-05-27 13:20:18,744    DEBUG apitep_utils.etl ETL.execute()
2021-05-27 13:20:18,744     INFO apitep_utils.data_processor Get data processor arguments
2021-05-27 13:20:18,744    DEBUG apitep_utils.data_processor DataProcessor.parse_arguments()
2021-05-27 13:20:18,745     INFO root Check if path exists
2021-05-27 13:20:18,745    DEBUG root ArgumentParserHelper.parse_data_file_path(data_file_path=/home/fran/Escritorio/i3uex/education_drop/Data/Raw/Politecnica -datos de expediente,personales y de acceso.xls)
2021-05-27 13:20:18,745     INFO root Check if path exists
2021-05-27 13:20:18,745    DEBUG root ArgumentParserHelper.parse_data_file_path(data_file_path=/home/fran/Escritorio/i3uex/education_drop/Data/Interim/Polytechnic/polytechnic_record_personal_access.csv)
2021-05-27 13:20:18,745     INFO apitep_utils.data_processor Load input dataset
2021-05-27 13:20:18,745    DEBUG apitep_utils.data_processor DataProcessor.load()
2021-05-27 13:20:18,957     INFO __main__ reorder columns of dataset and set on top column 'expediente'
2021-05-27 13:20:18,957    DEBUG apitep_utils.data_processor - time: 0.0009 s
2021-05-27 13:20:18,957     INFO apitep_utils.data_processor Save output dataset
2021-05-27 13:20:18,957    DEBUG apitep_utils.data_processor DataProcessor.save()
2021-05-27 13:20:19,003     INFO apitep_utils.data_processor Log dataset changes
2021-05-27 13:20:19,003    DEBUG apitep_utils.data_processor DataProcessor.log_changes()
2021-05-27 13:21:19,297     INFO __main__ Start FetchData
2021-05-27 13:21:19,297    DEBUG __main__ main()
2021-05-27 13:21:19,297     INFO apitep_utils.etl Init ETL
2021-05-27 13:21:19,297    DEBUG apitep_utils.etl ETL.__init__(input_path_segment=None, output_path_segment=None, input_separator=None, output_separator=None, save_report_on_load=False, save_report_on_save=False, report_type=None, report_path_segment=None, input_type_excel=True)
2021-05-27 13:21:19,297     INFO apitep_utils.data_processor Init data processor
2021-05-27 13:21:19,297    DEBUG apitep_utils.data_processor DataProcessor.__init__(input_path_segment=None, output_path_segment=None, input_separator=None, output_separator=None, save_report_on_load=False, save_report_on_save=False, report_type=None, report_path_segment=None, input_type_excel=True)
2021-05-27 13:21:19,297     INFO apitep_utils.etl Execute ETL
2021-05-27 13:21:19,297    DEBUG apitep_utils.etl ETL.execute()
2021-05-27 13:21:19,297     INFO apitep_utils.data_processor Get data processor arguments
2021-05-27 13:21:19,297    DEBUG apitep_utils.data_processor DataProcessor.parse_arguments()
2021-05-27 13:21:19,298     INFO root Check if path exists
2021-05-27 13:21:19,298    DEBUG root ArgumentParserHelper.parse_data_file_path(data_file_path=/home/fran/Escritorio/i3uex/education_drop/Data/Raw/Politecnica -becario por curso academico.xls)
2021-05-27 13:21:19,298     INFO root Check if path exists
2021-05-27 13:21:19,298    DEBUG root ArgumentParserHelper.parse_data_file_path(data_file_path=/home/fran/Escritorio/i3uex/education_drop/Data/Interim/Polytechnic/polytechnic_scholarship_per_year.csv)
2021-05-27 13:21:19,298     INFO apitep_utils.data_processor Load input dataset
2021-05-27 13:21:19,298    DEBUG apitep_utils.data_processor DataProcessor.load()
2021-05-27 13:21:19,451     INFO __main__ reorder columns of dataset and set on top column 'expediente'
2021-05-27 13:21:19,452    DEBUG apitep_utils.data_processor - time: 0.0007 s
2021-05-27 13:21:19,452     INFO apitep_utils.data_processor Save output dataset
2021-05-27 13:21:19,452    DEBUG apitep_utils.data_processor DataProcessor.save()
2021-05-27 13:21:19,491     INFO apitep_utils.data_processor Log dataset changes
2021-05-27 13:21:19,491    DEBUG apitep_utils.data_processor DataProcessor.log_changes()
2021-05-27 13:21:26,649     INFO __main__ Start FetchData
2021-05-27 13:21:26,649    DEBUG __main__ main()
2021-05-27 13:21:26,649     INFO apitep_utils.etl Init ETL
2021-05-27 13:21:26,649    DEBUG apitep_utils.etl ETL.__init__(input_path_segment=None, output_path_segment=None, input_separator=None, output_separator=None, save_report_on_load=False, save_report_on_save=False, report_type=None, report_path_segment=None, input_type_excel=True)
2021-05-27 13:21:26,649     INFO apitep_utils.data_processor Init data processor
2021-05-27 13:21:26,649    DEBUG apitep_utils.data_processor DataProcessor.__init__(input_path_segment=None, output_path_segment=None, input_separator=None, output_separator=None, save_report_on_load=False, save_report_on_save=False, report_type=None, report_path_segment=None, input_type_excel=True)
2021-05-27 13:21:26,649     INFO apitep_utils.etl Execute ETL
2021-05-27 13:21:26,649    DEBUG apitep_utils.etl ETL.execute()
2021-05-27 13:21:26,649     INFO apitep_utils.data_processor Get data processor arguments
2021-05-27 13:21:26,649    DEBUG apitep_utils.data_processor DataProcessor.parse_arguments()
2021-05-27 13:21:26,649     INFO root Check if path exists
2021-05-27 13:21:26,649    DEBUG root ArgumentParserHelper.parse_data_file_path(data_file_path=/home/fran/Escritorio/i3uex/education_drop/Data/Raw/Politecnica -becario por curso academico.xls)
2021-05-27 13:21:26,650     INFO root Check if path exists
2021-05-27 13:21:26,650    DEBUG root ArgumentParserHelper.parse_data_file_path(data_file_path=/home/fran/Escritorio/i3uex/education_drop/Data/Interim/Polytechnic/polytechnic_scholarship_per_year.csv)
2021-05-27 13:21:26,650     INFO apitep_utils.data_processor Load input dataset
2021-05-27 13:21:26,650    DEBUG apitep_utils.data_processor DataProcessor.load()
2021-05-27 13:21:26,805     INFO __main__ reorder columns of dataset and set on top column 'expediente'
2021-05-27 13:21:26,806    DEBUG apitep_utils.data_processor - time: 0.0007 s
2021-05-27 13:21:26,806     INFO apitep_utils.data_processor Save output dataset
2021-05-27 13:21:26,806    DEBUG apitep_utils.data_processor DataProcessor.save()
2021-05-27 13:21:26,833     INFO apitep_utils.data_processor Log dataset changes
2021-05-27 13:21:26,833    DEBUG apitep_utils.data_processor DataProcessor.log_changes()
2021-06-07 16:14:21,485     INFO __main__ Start FetchData
2021-06-07 16:14:21,485    DEBUG __main__ main()
2021-06-07 16:14:21,485     INFO apitep_utils.etl Init ETL
2021-06-07 16:14:21,485    DEBUG apitep_utils.etl ETL.__init__(input_path_segment=None, output_path_segment=None, input_separator=None, output_separator=|, save_report_on_load=False, save_report_on_save=False, report_type=None, report_path_segment=None, input_type_excel=True)
2021-06-07 16:14:21,485     INFO apitep_utils.data_processor Init data processor
2021-06-07 16:14:21,485    DEBUG apitep_utils.data_processor DataProcessor.__init__(input_path_segment=None, output_path_segment=None, input_separator=None, output_separator=|, save_report_on_load=False, save_report_on_save=False, report_type=None, report_path_segment=None, input_type_excel=True)
2021-06-07 16:14:21,485     INFO apitep_utils.etl Execute ETL
2021-06-07 16:14:21,485    DEBUG apitep_utils.etl ETL.execute()
2021-06-07 16:14:21,485     INFO apitep_utils.data_processor Get data processor arguments
2021-06-07 16:14:21,485    DEBUG apitep_utils.data_processor DataProcessor.parse_arguments()
2021-06-07 16:14:21,486     INFO root Check if path exists
2021-06-07 16:14:21,486    DEBUG root ArgumentParserHelper.parse_data_file_path(data_file_path=/home/fran/Escritorio/i3uex/education_drop/Data/Raw/Profesorado -plan asignatura convocatoria.xls)
2021-06-07 16:14:21,486     INFO root Check if path exists
2021-06-07 16:14:21,486    DEBUG root ArgumentParserHelper.parse_data_file_path(data_file_path=/home/fran/Escritorio/i3uex/education_drop/Data/Interim/Teaching/teaching_plan_subject_call.csv)
2021-06-07 16:14:21,486     INFO apitep_utils.data_processor Load input dataset
2021-06-07 16:14:21,486    DEBUG apitep_utils.data_processor DataProcessor.load()
2021-06-07 16:14:26,010     INFO __main__ reorder columns of dataset and set on top column 'expediente'
2021-06-07 16:14:26,014    DEBUG apitep_utils.data_processor - time: 0.0038 s
2021-06-07 16:14:26,014     INFO apitep_utils.data_processor Save output dataset
2021-06-07 16:14:26,014    DEBUG apitep_utils.data_processor DataProcessor.save()
2021-06-07 16:14:26,219     INFO apitep_utils.data_processor Log dataset changes
2021-06-07 16:14:26,219    DEBUG apitep_utils.data_processor DataProcessor.log_changes()
2021-06-07 16:14:33,375     INFO __main__ Start FetchData
2021-06-07 16:14:33,375    DEBUG __main__ main()
2021-06-07 16:14:33,375     INFO apitep_utils.etl Init ETL
2021-06-07 16:14:33,375    DEBUG apitep_utils.etl ETL.__init__(input_path_segment=None, output_path_segment=None, input_separator=None, output_separator=|, save_report_on_load=False, save_report_on_save=False, report_type=None, report_path_segment=None, input_type_excel=True)
2021-06-07 16:14:33,375     INFO apitep_utils.data_processor Init data processor
2021-06-07 16:14:33,375    DEBUG apitep_utils.data_processor DataProcessor.__init__(input_path_segment=None, output_path_segment=None, input_separator=None, output_separator=|, save_report_on_load=False, save_report_on_save=False, report_type=None, report_path_segment=None, input_type_excel=True)
2021-06-07 16:14:33,375     INFO apitep_utils.etl Execute ETL
2021-06-07 16:14:33,375    DEBUG apitep_utils.etl ETL.execute()
2021-06-07 16:14:33,375     INFO apitep_utils.data_processor Get data processor arguments
2021-06-07 16:14:33,375    DEBUG apitep_utils.data_processor DataProcessor.parse_arguments()
2021-06-07 16:14:33,376     INFO root Check if path exists
2021-06-07 16:14:33,376    DEBUG root ArgumentParserHelper.parse_data_file_path(data_file_path=/home/fran/Escritorio/i3uex/education_drop/Data/Raw/Profesorado -plan asignatura convocatoria.xls)
2021-06-07 16:14:33,376     INFO root Check if path exists
2021-06-07 16:14:33,376    DEBUG root ArgumentParserHelper.parse_data_file_path(data_file_path=/home/fran/Escritorio/i3uex/education_drop/Data/Interim/Teaching/teaching_plan_subject_call.csv)
2021-06-07 16:14:33,376     INFO apitep_utils.data_processor Load input dataset
2021-06-07 16:14:33,376    DEBUG apitep_utils.data_processor DataProcessor.load()
2021-06-07 16:14:37,797     INFO __main__ reorder columns of dataset and set on top column 'expediente'
2021-06-07 16:14:37,801    DEBUG apitep_utils.data_processor - time: 0.0037 s
2021-06-07 16:14:37,801     INFO apitep_utils.data_processor Save output dataset
2021-06-07 16:14:37,801    DEBUG apitep_utils.data_processor DataProcessor.save()
2021-06-07 16:14:37,999     INFO apitep_utils.data_processor Log dataset changes
2021-06-07 16:14:37,999    DEBUG apitep_utils.data_processor DataProcessor.log_changes()
2021-06-07 16:14:41,338     INFO __main__ Start FetchData
2021-06-07 16:14:41,338    DEBUG __main__ main()
2021-06-07 16:14:41,338     INFO apitep_utils.etl Init ETL
2021-06-07 16:14:41,338    DEBUG apitep_utils.etl ETL.__init__(input_path_segment=None, output_path_segment=None, input_separator=None, output_separator=|, save_report_on_load=False, save_report_on_save=False, report_type=None, report_path_segment=None, input_type_excel=True)
2021-06-07 16:14:41,338     INFO apitep_utils.data_processor Init data processor
2021-06-07 16:14:41,338    DEBUG apitep_utils.data_processor DataProcessor.__init__(input_path_segment=None, output_path_segment=None, input_separator=None, output_separator=|, save_report_on_load=False, save_report_on_save=False, report_type=None, report_path_segment=None, input_type_excel=True)
2021-06-07 16:14:41,338     INFO apitep_utils.etl Execute ETL
2021-06-07 16:14:41,338    DEBUG apitep_utils.etl ETL.execute()
2021-06-07 16:14:41,338     INFO apitep_utils.data_processor Get data processor arguments
2021-06-07 16:14:41,338    DEBUG apitep_utils.data_processor DataProcessor.parse_arguments()
2021-06-07 16:14:41,339     INFO root Check if path exists
2021-06-07 16:14:41,339    DEBUG root ArgumentParserHelper.parse_data_file_path(data_file_path=/home/fran/Escritorio/i3uex/education_drop/Data/Raw/Profesorado -plan asignatura convocatoria.xls)
2021-06-07 16:14:41,339     INFO root Check if path exists
2021-06-07 16:14:41,339    DEBUG root ArgumentParserHelper.parse_data_file_path(data_file_path=/home/fran/Escritorio/i3uex/education_drop/Data/Interim/Teaching/teaching_plan_subject_call.csv)
2021-06-07 16:14:41,339     INFO apitep_utils.data_processor Load input dataset
2021-06-07 16:14:41,339    DEBUG apitep_utils.data_processor DataProcessor.load()
2021-06-07 16:14:45,852     INFO __main__ reorder columns of dataset and set on top column 'expediente'
2021-06-07 16:14:45,856    DEBUG apitep_utils.data_processor - time: 0.0038 s
2021-06-07 16:14:45,856     INFO apitep_utils.data_processor Save output dataset
2021-06-07 16:14:45,856    DEBUG apitep_utils.data_processor DataProcessor.save()
2021-06-07 16:14:46,052     INFO apitep_utils.data_processor Log dataset changes
2021-06-07 16:14:46,053    DEBUG apitep_utils.data_processor DataProcessor.log_changes()
2021-06-07 16:15:06,094     INFO __main__ Start FetchData
2021-06-07 16:15:06,094    DEBUG __main__ main()
2021-06-07 16:15:06,094     INFO apitep_utils.etl Init ETL
2021-06-07 16:15:06,095    DEBUG apitep_utils.etl ETL.__init__(input_path_segment=None, output_path_segment=None, input_separator=None, output_separator=|, save_report_on_load=False, save_report_on_save=False, report_type=None, report_path_segment=None, input_type_excel=True)
2021-06-07 16:15:06,095     INFO apitep_utils.data_processor Init data processor
2021-06-07 16:15:06,095    DEBUG apitep_utils.data_processor DataProcessor.__init__(input_path_segment=None, output_path_segment=None, input_separator=None, output_separator=|, save_report_on_load=False, save_report_on_save=False, report_type=None, report_path_segment=None, input_type_excel=True)
2021-06-07 16:15:06,095     INFO apitep_utils.etl Execute ETL
2021-06-07 16:15:06,095    DEBUG apitep_utils.etl ETL.execute()
2021-06-07 16:15:06,095     INFO apitep_utils.data_processor Get data processor arguments
2021-06-07 16:15:06,095    DEBUG apitep_utils.data_processor DataProcessor.parse_arguments()
2021-06-07 16:15:06,095     INFO root Check if path exists
2021-06-07 16:15:06,095    DEBUG root ArgumentParserHelper.parse_data_file_path(data_file_path=/home/fran/Escritorio/i3uex/education_drop/Data/Raw/Profesorado -plan asignatura convocatoria.xls)
2021-06-07 16:15:06,095     INFO root Check if path exists
2021-06-07 16:15:06,095    DEBUG root ArgumentParserHelper.parse_data_file_path(data_file_path=/home/fran/Escritorio/i3uex/education_drop/Data/Interim/Teaching/teaching_plan_subject_call.csv)
2021-06-07 16:15:06,095     INFO apitep_utils.data_processor Load input dataset
2021-06-07 16:15:06,095    DEBUG apitep_utils.data_processor DataProcessor.load()
2021-06-07 16:15:10,767     INFO __main__ reorder columns of dataset and set on top column 'expediente'
2021-06-07 16:15:10,771    DEBUG apitep_utils.data_processor - time: 0.0039 s
2021-06-07 16:15:10,771     INFO apitep_utils.data_processor Save output dataset
2021-06-07 16:15:10,771    DEBUG apitep_utils.data_processor DataProcessor.save()
2021-06-07 16:15:10,974     INFO apitep_utils.data_processor Log dataset changes
2021-06-07 16:15:10,974    DEBUG apitep_utils.data_processor DataProcessor.log_changes()
2021-06-07 16:15:16,464     INFO __main__ Start FetchData
2021-06-07 16:15:16,464    DEBUG __main__ main()
2021-06-07 16:15:16,464     INFO apitep_utils.etl Init ETL
2021-06-07 16:15:16,464    DEBUG apitep_utils.etl ETL.__init__(input_path_segment=None, output_path_segment=None, input_separator=None, output_separator=|, save_report_on_load=False, save_report_on_save=False, report_type=None, report_path_segment=None, input_type_excel=True)
2021-06-07 16:15:16,464     INFO apitep_utils.data_processor Init data processor
2021-06-07 16:15:16,464    DEBUG apitep_utils.data_processor DataProcessor.__init__(input_path_segment=None, output_path_segment=None, input_separator=None, output_separator=|, save_report_on_load=False, save_report_on_save=False, report_type=None, report_path_segment=None, input_type_excel=True)
2021-06-07 16:15:16,464     INFO apitep_utils.etl Execute ETL
2021-06-07 16:15:16,464    DEBUG apitep_utils.etl ETL.execute()
2021-06-07 16:15:16,465     INFO apitep_utils.data_processor Get data processor arguments
2021-06-07 16:15:16,465    DEBUG apitep_utils.data_processor DataProcessor.parse_arguments()
2021-06-07 16:15:16,465     INFO root Check if path exists
2021-06-07 16:15:16,465    DEBUG root ArgumentParserHelper.parse_data_file_path(data_file_path=/home/fran/Escritorio/i3uex/education_drop/Data/Raw/Profesorado -plan asignatura convocatoria.xls)
2021-06-07 16:15:16,465     INFO root Check if path exists
2021-06-07 16:15:16,465    DEBUG root ArgumentParserHelper.parse_data_file_path(data_file_path=/home/fran/Escritorio/i3uex/education_drop/Data/Interim/Polytechnic/polytechnic_plan_subject_call.csv)
2021-06-07 16:15:16,465     INFO apitep_utils.data_processor Load input dataset
2021-06-07 16:15:16,465    DEBUG apitep_utils.data_processor DataProcessor.load()
2021-06-07 16:15:20,917     INFO __main__ reorder columns of dataset and set on top column 'expediente'
2021-06-07 16:15:20,920    DEBUG apitep_utils.data_processor - time: 0.0037 s
2021-06-07 16:15:20,920     INFO apitep_utils.data_processor Save output dataset
2021-06-07 16:15:20,920    DEBUG apitep_utils.data_processor DataProcessor.save()
2021-06-07 16:15:21,127     INFO apitep_utils.data_processor Log dataset changes
2021-06-07 16:15:21,128    DEBUG apitep_utils.data_processor DataProcessor.log_changes()
2021-06-07 16:15:25,382     INFO __main__ Start FetchData
2021-06-07 16:15:25,382    DEBUG __main__ main()
2021-06-07 16:15:25,382     INFO apitep_utils.etl Init ETL
2021-06-07 16:15:25,382    DEBUG apitep_utils.etl ETL.__init__(input_path_segment=None, output_path_segment=None, input_separator=None, output_separator=|, save_report_on_load=False, save_report_on_save=False, report_type=None, report_path_segment=None, input_type_excel=True)
2021-06-07 16:15:25,382     INFO apitep_utils.data_processor Init data processor
2021-06-07 16:15:25,382    DEBUG apitep_utils.data_processor DataProcessor.__init__(input_path_segment=None, output_path_segment=None, input_separator=None, output_separator=|, save_report_on_load=False, save_report_on_save=False, report_type=None, report_path_segment=None, input_type_excel=True)
2021-06-07 16:15:25,382     INFO apitep_utils.etl Execute ETL
2021-06-07 16:15:25,382    DEBUG apitep_utils.etl ETL.execute()
2021-06-07 16:15:25,382     INFO apitep_utils.data_processor Get data processor arguments
2021-06-07 16:15:25,382    DEBUG apitep_utils.data_processor DataProcessor.parse_arguments()
2021-06-07 16:15:25,382     INFO root Check if path exists
2021-06-07 16:15:25,382    DEBUG root ArgumentParserHelper.parse_data_file_path(data_file_path=/home/fran/Escritorio/i3uex/education_drop/Data/Raw/Politecnica -datos de expediente,personales y de acceso.xls)
2021-06-07 16:15:25,382     INFO root Check if path exists
2021-06-07 16:15:25,382    DEBUG root ArgumentParserHelper.parse_data_file_path(data_file_path=/home/fran/Escritorio/i3uex/education_drop/Data/Interim/Polytechnic/polytechnic_record_personal_access.csv)
2021-06-07 16:15:25,383     INFO apitep_utils.data_processor Load input dataset
2021-06-07 16:15:25,383    DEBUG apitep_utils.data_processor DataProcessor.load()
2021-06-07 16:15:25,602     INFO __main__ reorder columns of dataset and set on top column 'expediente'
2021-06-07 16:15:25,603    DEBUG apitep_utils.data_processor - time: 0.0009 s
2021-06-07 16:15:25,603     INFO apitep_utils.data_processor Save output dataset
2021-06-07 16:15:25,603    DEBUG apitep_utils.data_processor DataProcessor.save()
2021-06-07 16:15:25,645     INFO apitep_utils.data_processor Log dataset changes
2021-06-07 16:15:25,645    DEBUG apitep_utils.data_processor DataProcessor.log_changes()
2021-06-07 16:15:35,347     INFO __main__ Start FetchData
2021-06-07 16:15:35,347    DEBUG __main__ main()
2021-06-07 16:15:35,347     INFO apitep_utils.etl Init ETL
2021-06-07 16:15:35,347    DEBUG apitep_utils.etl ETL.__init__(input_path_segment=None, output_path_segment=None, input_separator=None, output_separator=|, save_report_on_load=False, save_report_on_save=False, report_type=None, report_path_segment=None, input_type_excel=True)
2021-06-07 16:15:35,347     INFO apitep_utils.data_processor Init data processor
2021-06-07 16:15:35,347    DEBUG apitep_utils.data_processor DataProcessor.__init__(input_path_segment=None, output_path_segment=None, input_separator=None, output_separator=|, save_report_on_load=False, save_report_on_save=False, report_type=None, report_path_segment=None, input_type_excel=True)
2021-06-07 16:15:35,347     INFO apitep_utils.etl Execute ETL
2021-06-07 16:15:35,347    DEBUG apitep_utils.etl ETL.execute()
2021-06-07 16:15:35,347     INFO apitep_utils.data_processor Get data processor arguments
2021-06-07 16:15:35,347    DEBUG apitep_utils.data_processor DataProcessor.parse_arguments()
2021-06-07 16:15:35,348     INFO root Check if path exists
2021-06-07 16:15:35,348    DEBUG root ArgumentParserHelper.parse_data_file_path(data_file_path=/home/fran/Escritorio/i3uex/education_drop/Data/Raw/Politecnica -becario por curso academico.xls)
2021-06-07 16:15:35,348     INFO root Check if path exists
2021-06-07 16:15:35,348    DEBUG root ArgumentParserHelper.parse_data_file_path(data_file_path=/home/fran/Escritorio/i3uex/education_drop/Data/Interim/Polytechnic/polytechnic_scholarship_per_year.csv)
2021-06-07 16:15:35,348     INFO apitep_utils.data_processor Load input dataset
2021-06-07 16:15:35,348    DEBUG apitep_utils.data_processor DataProcessor.load()
2021-06-07 16:15:35,507     INFO __main__ reorder columns of dataset and set on top column 'expediente'
2021-06-07 16:15:35,507    DEBUG apitep_utils.data_processor - time: 0.0007 s
2021-06-07 16:15:35,507     INFO apitep_utils.data_processor Save output dataset
2021-06-07 16:15:35,507    DEBUG apitep_utils.data_processor DataProcessor.save()
2021-06-07 16:15:35,531     INFO apitep_utils.data_processor Log dataset changes
2021-06-07 16:15:35,531    DEBUG apitep_utils.data_processor DataProcessor.log_changes()
2021-06-07 16:15:41,981     INFO __main__ Start FetchData
2021-06-07 16:15:41,981    DEBUG __main__ main()
2021-06-07 16:15:41,981     INFO apitep_utils.etl Init ETL
2021-06-07 16:15:41,981    DEBUG apitep_utils.etl ETL.__init__(input_path_segment=None, output_path_segment=None, input_separator=None, output_separator=|, save_report_on_load=False, save_report_on_save=False, report_type=None, report_path_segment=None, input_type_excel=True)
2021-06-07 16:15:41,981     INFO apitep_utils.data_processor Init data processor
2021-06-07 16:15:41,981    DEBUG apitep_utils.data_processor DataProcessor.__init__(input_path_segment=None, output_path_segment=None, input_separator=None, output_separator=|, save_report_on_load=False, save_report_on_save=False, report_type=None, report_path_segment=None, input_type_excel=True)
2021-06-07 16:15:41,981     INFO apitep_utils.etl Execute ETL
2021-06-07 16:15:41,981    DEBUG apitep_utils.etl ETL.execute()
2021-06-07 16:15:41,981     INFO apitep_utils.data_processor Get data processor arguments
2021-06-07 16:15:41,981    DEBUG apitep_utils.data_processor DataProcessor.parse_arguments()
2021-06-07 16:15:41,982     INFO root Check if path exists
2021-06-07 16:15:41,982    DEBUG root ArgumentParserHelper.parse_data_file_path(data_file_path=/home/fran/Escritorio/i3uex/education_drop/Data/Raw/Profesorado -datos de expediente,personales y de acceso.xls)
2021-06-07 16:15:41,982     INFO root Check if path exists
2021-06-07 16:15:41,982    DEBUG root ArgumentParserHelper.parse_data_file_path(data_file_path=/home/fran/Escritorio/i3uex/education_drop/Data/Interim/Teaching/teaching_record_personal_access.csv)
2021-06-07 16:15:41,982     INFO apitep_utils.data_processor Load input dataset
2021-06-07 16:15:41,982    DEBUG apitep_utils.data_processor DataProcessor.load()
2021-06-07 16:15:42,257     INFO __main__ reorder columns of dataset and set on top column 'expediente'
2021-06-07 16:15:42,258    DEBUG apitep_utils.data_processor - time: 0.0010 s
2021-06-07 16:15:42,258     INFO apitep_utils.data_processor Save output dataset
2021-06-07 16:15:42,258    DEBUG apitep_utils.data_processor DataProcessor.save()
2021-06-07 16:15:42,320     INFO apitep_utils.data_processor Log dataset changes
2021-06-07 16:15:42,320    DEBUG apitep_utils.data_processor DataProcessor.log_changes()
2021-06-07 16:15:48,262     INFO __main__ Start FetchData
2021-06-07 16:15:48,262    DEBUG __main__ main()
2021-06-07 16:15:48,262     INFO apitep_utils.etl Init ETL
2021-06-07 16:15:48,262    DEBUG apitep_utils.etl ETL.__init__(input_path_segment=None, output_path_segment=None, input_separator=None, output_separator=|, save_report_on_load=False, save_report_on_save=False, report_type=None, report_path_segment=None, input_type_excel=True)
2021-06-07 16:15:48,262     INFO apitep_utils.data_processor Init data processor
2021-06-07 16:15:48,262    DEBUG apitep_utils.data_processor DataProcessor.__init__(input_path_segment=None, output_path_segment=None, input_separator=None, output_separator=|, save_report_on_load=False, save_report_on_save=False, report_type=None, report_path_segment=None, input_type_excel=True)
2021-06-07 16:15:48,262     INFO apitep_utils.etl Execute ETL
2021-06-07 16:15:48,262    DEBUG apitep_utils.etl ETL.execute()
2021-06-07 16:15:48,262     INFO apitep_utils.data_processor Get data processor arguments
2021-06-07 16:15:48,263    DEBUG apitep_utils.data_processor DataProcessor.parse_arguments()
2021-06-07 16:15:48,263     INFO root Check if path exists
2021-06-07 16:15:48,263    DEBUG root ArgumentParserHelper.parse_data_file_path(data_file_path=/home/fran/Escritorio/i3uex/education_drop/Data/Raw/Profesorado -datos de expediente,personales y de acceso.xls)
2021-06-07 16:15:48,263     INFO root Check if path exists
2021-06-07 16:15:48,263    DEBUG root ArgumentParserHelper.parse_data_file_path(data_file_path=/home/fran/Escritorio/i3uex/education_drop/Data/Interim/Teaching/teaching_record_personal_access.csv)
2021-06-07 16:15:48,263     INFO apitep_utils.data_processor Load input dataset
2021-06-07 16:15:48,263    DEBUG apitep_utils.data_processor DataProcessor.load()
2021-06-07 16:15:48,533     INFO __main__ reorder columns of dataset and set on top column 'expediente'
2021-06-07 16:15:48,534    DEBUG apitep_utils.data_processor - time: 0.0009 s
2021-06-07 16:15:48,534     INFO apitep_utils.data_processor Save output dataset
2021-06-07 16:15:48,534    DEBUG apitep_utils.data_processor DataProcessor.save()
2021-06-07 16:15:48,592     INFO apitep_utils.data_processor Log dataset changes
2021-06-07 16:15:48,592    DEBUG apitep_utils.data_processor DataProcessor.log_changes()
